This file contains any messages produced by compilers while
running configure, to aid debugging if configure makes a mistake.

It was created by DHCP configure 4.0.0, which was
generated by GNU Autoconf 2.61.  Invocation command line was

  $ ../configure --host=arm-linux --build=i686-pc-linux-gnu --target=arm-linux --disable-dhcpv6 CFLAGS=-O2 -g -fomit-frame-pointer -pipe -msoft-float -fno-builtin -Wall -DEMBED -Dlinux -D__linux__ -Dunix -D__uClinux__ -D_GNU_SOURCE

## --------- ##
## Platform. ##
## --------- ##

hostname = kaffeemuehle
uname -m = x86_64
uname -r = 4.1.12-gentoo
uname -s = Linux
uname -v = #1 SMP PREEMPT Fri Jan 1 11:38:30 CET 2016

/usr/bin/uname -p = Intel(R) Core(TM)2 Duo CPU P9500 @ 2.53GHz
/bin/uname -X     = unknown

/bin/arch              = unknown
/usr/bin/arch -k       = unknown
/usr/convex/getsysinfo = unknown
/usr/bin/hostinfo      = unknown
/bin/machine           = unknown
/usr/bin/oslevel       = unknown
/bin/universe          = unknown

PATH: /usr/local/arm_tools/bin
PATH: /usr/local/bin
PATH: /usr/bin
PATH: /bin
PATH: /opt/bin
PATH: /usr/x86_64-pc-linux-gnu/gcc-bin/4.8.5
PATH: /usr/x86_64-pc-linux-gnu/arm-elf-linux-uclibc/gcc-bin/4.1.2
PATH: /usr/x86_64-pc-linux-gnu/arm-linux-gnueabi/gcc-bin/4.1.2
PATH: /usr/x86_64-pc-linux-gnu/arm-none-eabi/gcc-bin/4.9.3
PATH: /usr/x86_64-pc-linux-gnu/arm-unknown-linux-gnueabi/gcc-bin/4.9.3
PATH: /usr/x86_64-pc-linux-gnu/avr/gcc-bin/4.6.4
PATH: /opt/sgpp-lite-arm-uclinux-bin-2010.09.58/bin
PATH: /usr/games/bin
PATH: /usr/lib64/lua/luarocks/bin/
PATH: /home/coffeeholic/reverse_engineering/pollin_ip_cam/uClinux-20160208/tools
PATH: /home/coffeeholic/reverse_engineering/pollin_ip_cam/uClinux-20160208/tools
PATH: /home/coffeeholic/reverse_engineering/pollin_ip_cam/uClinux-20160208/tools
PATH: /home/coffeeholic/reverse_engineering/pollin_ip_cam/uClinux-20160208/tools


## ----------- ##
## Core tests. ##
## ----------- ##

configure:1798: checking for a BSD-compatible install
configure:1854: result: /usr/bin/install -c
configure:1865: checking whether build environment is sane
configure:1908: result: yes
configure:1936: checking for a thread-safe mkdir -p
configure:1975: result: /bin/mkdir -p
configure:1988: checking for gawk
configure:2004: found /usr/bin/gawk
configure:2015: result: gawk
configure:2026: checking whether make sets $(MAKE)
configure:2047: result: yes
configure:2127: checking for arm-linux-strip
configure:2154: result: arm-linux-strip
configure:2250: checking for arm-linux-gcc
configure:2277: result: ucfront-gcc arm-linux-gcc 
configure:2555: checking for C compiler version
configure:2562: ucfront-gcc arm-linux-gcc  --version >&5
arm-linux-gcc (Sourcery G++ Lite 2010.09-58) 4.5.1
Copyright (C) 2010 Free Software Foundation, Inc.
This is free software; see the source for copying conditions.  There is NO
warranty; not even for MERCHANTABILITY or FITNESS FOR A PARTICULAR PURPOSE.

configure:2565: $? = 0
configure:2572: ucfront-gcc arm-linux-gcc  -v >&5
Using built-in specs.
COLLECT_GCC=/usr/local/bin/arm-linux-gcc
COLLECT_LTO_WRAPPER=/opt/sgpp-lite-arm-uclinux-bin-2010.09.58/bin/../libexec/gcc/arm-uclinuxeabi/4.5.1/lto-wrapper
Target: arm-uclinuxeabi
Configured with: /scratch/julian/2010q3-release-uclinux-lite/src/gcc-4.5-2010.09/configure --build=i686-pc-linux-gnu --host=i686-pc-linux-gnu --target=arm-uclinuxeabi --enable-threads --disable-libmudflap --disable-libssp --disable-libstdcxx-pch --enable-extra-sgxxlite-multilibs --with-gnu-as --with-gnu-ld --with-specs='%{save-temps: -fverbose-asm} -D__CS_SOURCERYGXX_MAJ__=2010 -D__CS_SOURCERYGXX_MIN__=9 -D__CS_SOURCERYGXX_REV__=58 %{O2:%{!fno-remove-local-statics: -fremove-local-statics}} %{O*:%{O|O0|O1|O2|Os:;:%{!fno-remove-local-statics: -fremove-local-statics}}}' --enable-languages=c,c++ --disable-shared --enable-lto --with-pkgversion='Sourcery G++ Lite 2010.09-58' --with-bugurl=https://support.codesourcery.com/GNUToolchain/ --disable-nls --prefix=/opt/codesourcery --with-sysroot=/opt/codesourcery/arm-uclinuxeabi/libc --with-build-sysroot=/scratch/julian/2010q3-release-uclinux-lite/install/arm-uclinuxeabi/libc --with-gmp=/scratch/julian/2010q3-release-uclinux-lite/obj/host-libs-2010.09-58-arm-uclinuxeabi-i686-pc-linux-gnu/usr --with-mpfr=/scratch/julian/2010q3-release-uclinux-lite/obj/host-libs-2010.09-58-arm-uclinuxeabi-i686-pc-linux-gnu/usr --with-mpc=/scratch/julian/2010q3-release-uclinux-lite/obj/host-libs-2010.09-58-arm-uclinuxeabi-i686-pc-linux-gnu/usr --with-ppl=/scratch/julian/2010q3-release-uclinux-lite/obj/host-libs-2010.09-58-arm-uclinuxeabi-i686-pc-linux-gnu/usr --with-host-libstdcxx='-static-libgcc -Wl,-Bstatic,-lstdc++,-Bdynamic -lm' --with-cloog=/scratch/julian/2010q3-release-uclinux-lite/obj/host-libs-2010.09-58-arm-uclinuxeabi-i686-pc-linux-gnu/usr --with-libelf=/scratch/julian/2010q3-release-uclinux-lite/obj/host-libs-2010.09-58-arm-uclinuxeabi-i686-pc-linux-gnu/usr --disable-libgomp --enable-poison-system-directories --with-build-time-tools=/scratch/julian/2010q3-release-uclinux-lite/install/arm-uclinuxeabi/bin --with-build-time-tools=/scratch/julian/2010q3-release-uclinux-lite/install/arm-uclinuxeabi/bin
Thread model: single
gcc version 4.5.1 (Sourcery G++ Lite 2010.09-58) 
configure:2575: $? = 0
configure:2582: ucfront-gcc arm-linux-gcc  -V >&5
arm-linux-gcc: '-V' option must have argument
configure:2585: $? = 1
configure:2608: checking for C compiler default output file name
configure:2635: ucfront-gcc arm-linux-gcc  -O2 -g -fomit-frame-pointer -pipe -msoft-float -fno-builtin -Wall -DEMBED -Dlinux -D__linux__ -Dunix -D__uClinux__ -D_GNU_SOURCE  -Wl,-elf2flt -msoft-float -Wl,-elf2flt -msoft-float conftest.c  >&5
configure:2638: $? = 0
configure:2676: result: a.out
configure:2693: checking whether the C compiler works
configure:2723: result: yes
configure:2730: checking whether we are cross compiling
configure:2732: result: yes
configure:2735: checking for suffix of executables
configure:2742: ucfront-gcc arm-linux-gcc  -o conftest -O2 -g -fomit-frame-pointer -pipe -msoft-float -fno-builtin -Wall -DEMBED -Dlinux -D__linux__ -Dunix -D__uClinux__ -D_GNU_SOURCE  -Wl,-elf2flt -msoft-float -Wl,-elf2flt -msoft-float conftest.c  >&5
configure:2745: $? = 0
configure:2769: result: 
configure:2775: checking for suffix of object files
configure:2801: ucfront-gcc arm-linux-gcc  -c -O2 -g -fomit-frame-pointer -pipe -msoft-float -fno-builtin -Wall -DEMBED -Dlinux -D__linux__ -Dunix -D__uClinux__ -D_GNU_SOURCE  conftest.c >&5
configure:2804: $? = 0
configure:2827: result: o
configure:2831: checking whether we are using the GNU C compiler
configure:2860: ucfront-gcc arm-linux-gcc  -c -O2 -g -fomit-frame-pointer -pipe -msoft-float -fno-builtin -Wall -DEMBED -Dlinux -D__linux__ -Dunix -D__uClinux__ -D_GNU_SOURCE  conftest.c >&5
configure:2866: $? = 0
configure:2883: result: yes
configure:2888: checking whether ucfront-gcc arm-linux-gcc  accepts -g
configure:2918: ucfront-gcc arm-linux-gcc  -c -g  conftest.c >&5
configure:2924: $? = 0
configure:3023: result: yes
configure:3040: checking for ucfront-gcc arm-linux-gcc  option to accept ISO C89
configure:3114: ucfront-gcc arm-linux-gcc   -c -O2 -g -fomit-frame-pointer -pipe -msoft-float -fno-builtin -Wall -DEMBED -Dlinux -D__linux__ -Dunix -D__uClinux__ -D_GNU_SOURCE  conftest.c >&5
configure:3120: $? = 0
configure:3143: result: none needed
configure:3172: checking for style of include used by make
configure:3200: result: GNU
configure:3225: checking dependency style of ucfront-gcc arm-linux-gcc 
configure:3316: result: gcc3
configure:3343: checking for arm-linux-ranlib
configure:3370: result: arm-linux-ranlib
configure:3446: checking how to run the C preprocessor
configure:3486: ucfront-gcc arm-linux-gcc  -E  conftest.c
configure:3492: $? = 0
configure:3523: ucfront-gcc arm-linux-gcc  -E  conftest.c
conftest.c:10:28: fatal error: ac_nonexistent.h: No such file or directory
compilation terminated.
configure:3529: $? = 1
configure: failed program was:
| /* confdefs.h.  */
| #define PACKAGE_NAME "DHCP"
| #define PACKAGE_TARNAME "dhcp"
| #define PACKAGE_VERSION "4.0.0"
| #define PACKAGE_STRING "DHCP 4.0.0"
| #define PACKAGE_BUGREPORT "dhcp-users@isc.org"
| #define PACKAGE "dhcp"
| #define VERSION "4.0.0"
| /* end confdefs.h.  */
| #include <ac_nonexistent.h>
configure:3562: result: ucfront-gcc arm-linux-gcc  -E
configure:3591: ucfront-gcc arm-linux-gcc  -E  conftest.c
configure:3597: $? = 0
configure:3628: ucfront-gcc arm-linux-gcc  -E  conftest.c
conftest.c:10:28: fatal error: ac_nonexistent.h: No such file or directory
compilation terminated.
configure:3634: $? = 1
configure: failed program was:
| /* confdefs.h.  */
| #define PACKAGE_NAME "DHCP"
| #define PACKAGE_TARNAME "dhcp"
| #define PACKAGE_VERSION "4.0.0"
| #define PACKAGE_STRING "DHCP 4.0.0"
| #define PACKAGE_BUGREPORT "dhcp-users@isc.org"
| #define PACKAGE "dhcp"
| #define VERSION "4.0.0"
| /* end confdefs.h.  */
| #include <ac_nonexistent.h>
configure:3672: checking for grep that handles long lines and -e
configure:3746: result: /bin/grep
configure:3751: checking for egrep
configure:3829: result: /bin/grep -E
configure:3834: checking for ANSI C header files
configure:3864: ucfront-gcc arm-linux-gcc  -c -O2 -g -fomit-frame-pointer -pipe -msoft-float -fno-builtin -Wall -DEMBED -Dlinux -D__linux__ -Dunix -D__uClinux__ -D_GNU_SOURCE  conftest.c >&5
configure:3870: $? = 0
configure:3998: result: yes
configure:4022: checking for sys/types.h
configure:4043: ucfront-gcc arm-linux-gcc  -c -O2 -g -fomit-frame-pointer -pipe -msoft-float -fno-builtin -Wall -DEMBED -Dlinux -D__linux__ -Dunix -D__uClinux__ -D_GNU_SOURCE  conftest.c >&5
configure:4049: $? = 0
configure:4065: result: yes
configure:4022: checking for sys/stat.h
configure:4043: ucfront-gcc arm-linux-gcc  -c -O2 -g -fomit-frame-pointer -pipe -msoft-float -fno-builtin -Wall -DEMBED -Dlinux -D__linux__ -Dunix -D__uClinux__ -D_GNU_SOURCE  conftest.c >&5
configure:4049: $? = 0
configure:4065: result: yes
configure:4022: checking for stdlib.h
configure:4043: ucfront-gcc arm-linux-gcc  -c -O2 -g -fomit-frame-pointer -pipe -msoft-float -fno-builtin -Wall -DEMBED -Dlinux -D__linux__ -Dunix -D__uClinux__ -D_GNU_SOURCE  conftest.c >&5
configure:4049: $? = 0
configure:4065: result: yes
configure:4022: checking for string.h
configure:4043: ucfront-gcc arm-linux-gcc  -c -O2 -g -fomit-frame-pointer -pipe -msoft-float -fno-builtin -Wall -DEMBED -Dlinux -D__linux__ -Dunix -D__uClinux__ -D_GNU_SOURCE  conftest.c >&5
configure:4049: $? = 0
configure:4065: result: yes
configure:4022: checking for memory.h
configure:4043: ucfront-gcc arm-linux-gcc  -c -O2 -g -fomit-frame-pointer -pipe -msoft-float -fno-builtin -Wall -DEMBED -Dlinux -D__linux__ -Dunix -D__uClinux__ -D_GNU_SOURCE  conftest.c >&5
configure:4049: $? = 0
configure:4065: result: yes
configure:4022: checking for strings.h
configure:4043: ucfront-gcc arm-linux-gcc  -c -O2 -g -fomit-frame-pointer -pipe -msoft-float -fno-builtin -Wall -DEMBED -Dlinux -D__linux__ -Dunix -D__uClinux__ -D_GNU_SOURCE  conftest.c >&5
configure:4049: $? = 0
configure:4065: result: yes
configure:4022: checking for inttypes.h
configure:4043: ucfront-gcc arm-linux-gcc  -c -O2 -g -fomit-frame-pointer -pipe -msoft-float -fno-builtin -Wall -DEMBED -Dlinux -D__linux__ -Dunix -D__uClinux__ -D_GNU_SOURCE  conftest.c >&5
configure:4049: $? = 0
configure:4065: result: yes
configure:4022: checking for stdint.h
configure:4043: ucfront-gcc arm-linux-gcc  -c -O2 -g -fomit-frame-pointer -pipe -msoft-float -fno-builtin -Wall -DEMBED -Dlinux -D__linux__ -Dunix -D__uClinux__ -D_GNU_SOURCE  conftest.c >&5
configure:4049: $? = 0
configure:4065: result: yes
configure:4022: checking for unistd.h
configure:4043: ucfront-gcc arm-linux-gcc  -c -O2 -g -fomit-frame-pointer -pipe -msoft-float -fno-builtin -Wall -DEMBED -Dlinux -D__linux__ -Dunix -D__uClinux__ -D_GNU_SOURCE  conftest.c >&5
configure:4049: $? = 0
configure:4065: result: yes
configure:4077: checking whether byte ordering is bigendian
configure:4110: ucfront-gcc arm-linux-gcc  -c -O2 -g -fomit-frame-pointer -pipe -msoft-float -fno-builtin -Wall -DEMBED -Dlinux -D__linux__ -Dunix -D__uClinux__ -D_GNU_SOURCE  conftest.c >&5
configure:4116: $? = 0
configure:4148: ucfront-gcc arm-linux-gcc  -c -O2 -g -fomit-frame-pointer -pipe -msoft-float -fno-builtin -Wall -DEMBED -Dlinux -D__linux__ -Dunix -D__uClinux__ -D_GNU_SOURCE  conftest.c >&5
conftest.c: In function 'main':
conftest.c:27:2: error: 'not' undeclared (first use in this function)
conftest.c:27:2: note: each undeclared identifier is reported only once for each function it appears in
conftest.c:27:6: error: expected ';' before 'big'
configure:4154: $? = 1
configure: failed program was:
| /* confdefs.h.  */
| #define PACKAGE_NAME "DHCP"
| #define PACKAGE_TARNAME "dhcp"
| #define PACKAGE_VERSION "4.0.0"
| #define PACKAGE_STRING "DHCP 4.0.0"
| #define PACKAGE_BUGREPORT "dhcp-users@isc.org"
| #define PACKAGE "dhcp"
| #define VERSION "4.0.0"
| #define STDC_HEADERS 1
| #define HAVE_SYS_TYPES_H 1
| #define HAVE_SYS_STAT_H 1
| #define HAVE_STDLIB_H 1
| #define HAVE_STRING_H 1
| #define HAVE_MEMORY_H 1
| #define HAVE_STRINGS_H 1
| #define HAVE_INTTYPES_H 1
| #define HAVE_STDINT_H 1
| #define HAVE_UNISTD_H 1
| /* end confdefs.h.  */
| #include <sys/types.h>
| #include <sys/param.h>
| 
| int
| main ()
| {
| #if BYTE_ORDER != BIG_ENDIAN
|  not big endian
| #endif
| 
|   ;
|   return 0;
| }
configure:4294: result: no
configure:4344: checking for dhcpd
configure:4377: result: no
configure:4559: checking linux/types.h usability
configure:4576: ucfront-gcc arm-linux-gcc  -c -O2 -g -fomit-frame-pointer -pipe -msoft-float -fno-builtin -Wall -DEMBED -Dlinux -D__linux__ -Dunix -D__uClinux__ -D_GNU_SOURCE  conftest.c >&5
configure:4582: $? = 0
configure:4596: result: yes
configure:4600: checking linux/types.h presence
configure:4615: ucfront-gcc arm-linux-gcc  -E  conftest.c
configure:4621: $? = 0
configure:4635: result: yes
configure:4668: checking for linux/types.h
configure:4676: result: yes
configure:4690: checking for linux/filter.h
configure:4715: ucfront-gcc arm-linux-gcc  -c -O2 -g -fomit-frame-pointer -pipe -msoft-float -fno-builtin -Wall -DEMBED -Dlinux -D__linux__ -Dunix -D__uClinux__ -D_GNU_SOURCE  conftest.c >&5
configure:4721: $? = 0
configure:4736: result: yes
configure:5047: checking for struct lifnum
configure:5073: ucfront-gcc arm-linux-gcc  -c -O2 -g -fomit-frame-pointer -pipe -msoft-float -fno-builtin -Wall -DEMBED -Dlinux -D__linux__ -Dunix -D__uClinux__ -D_GNU_SOURCE  conftest.c >&5
conftest.c: In function 'main':
conftest.c:29:16: error: storage size of 'a' isn't known
conftest.c:29:16: warning: unused variable 'a'
configure:5079: $? = 1
configure: failed program was:
| /* confdefs.h.  */
| #define PACKAGE_NAME "DHCP"
| #define PACKAGE_TARNAME "dhcp"
| #define PACKAGE_VERSION "4.0.0"
| #define PACKAGE_STRING "DHCP 4.0.0"
| #define PACKAGE_BUGREPORT "dhcp-users@isc.org"
| #define PACKAGE "dhcp"
| #define VERSION "4.0.0"
| #define STDC_HEADERS 1
| #define HAVE_SYS_TYPES_H 1
| #define HAVE_SYS_STAT_H 1
| #define HAVE_STDLIB_H 1
| #define HAVE_STRING_H 1
| #define HAVE_MEMORY_H 1
| #define HAVE_STRINGS_H 1
| #define HAVE_INTTYPES_H 1
| #define HAVE_STDINT_H 1
| #define HAVE_UNISTD_H 1
| #define DHCP_BYTE_ORDER LITTLE_ENDIAN
| #define HAVE_LINUX_TYPES_H 1
| #define USE_LPF 1
| /* end confdefs.h.  */
|  #include <sys/types.h>
|   #include <net/if.h>
| 
| int
| main ()
| {
|  struct lifnum a;
| 
|   ;
|   return 0;
| }
configure:5095: result: no
configure:5101: checking for struct if_laddrconf
configure:5127: ucfront-gcc arm-linux-gcc  -c -O2 -g -fomit-frame-pointer -pipe -msoft-float -fno-builtin -Wall -DEMBED -Dlinux -D__linux__ -Dunix -D__uClinux__ -D_GNU_SOURCE  conftest.c >&5
conftest.c:24:23: fatal error: net/if6.h: No such file or directory
compilation terminated.
configure:5133: $? = 1
configure: failed program was:
| /* confdefs.h.  */
| #define PACKAGE_NAME "DHCP"
| #define PACKAGE_TARNAME "dhcp"
| #define PACKAGE_VERSION "4.0.0"
| #define PACKAGE_STRING "DHCP 4.0.0"
| #define PACKAGE_BUGREPORT "dhcp-users@isc.org"
| #define PACKAGE "dhcp"
| #define VERSION "4.0.0"
| #define STDC_HEADERS 1
| #define HAVE_SYS_TYPES_H 1
| #define HAVE_SYS_STAT_H 1
| #define HAVE_STDLIB_H 1
| #define HAVE_STRING_H 1
| #define HAVE_MEMORY_H 1
| #define HAVE_STRINGS_H 1
| #define HAVE_INTTYPES_H 1
| #define HAVE_STDINT_H 1
| #define HAVE_UNISTD_H 1
| #define DHCP_BYTE_ORDER LITTLE_ENDIAN
| #define HAVE_LINUX_TYPES_H 1
| #define USE_LPF 1
| /* end confdefs.h.  */
|  #include <sys/types.h>
|   #include <net/if6.h>
| 
| int
| main ()
| {
|  struct if_laddrconf a;
| 
|   ;
|   return 0;
| }
configure:5149: result: no
configure:5155: checking for struct if_laddrreq
configure:5181: ucfront-gcc arm-linux-gcc  -o conftest -O2 -g -fomit-frame-pointer -pipe -msoft-float -fno-builtin -Wall -DEMBED -Dlinux -D__linux__ -Dunix -D__uClinux__ -D_GNU_SOURCE  -Wl,-elf2flt -msoft-float -Wl,-elf2flt -msoft-float conftest.c  >&5
conftest.c:24:22: fatal error: net/if6.h: No such file or directory
compilation terminated.
configure:5187: $? = 1
configure: failed program was:
| /* confdefs.h.  */
| #define PACKAGE_NAME "DHCP"
| #define PACKAGE_TARNAME "dhcp"
| #define PACKAGE_VERSION "4.0.0"
| #define PACKAGE_STRING "DHCP 4.0.0"
| #define PACKAGE_BUGREPORT "dhcp-users@isc.org"
| #define PACKAGE "dhcp"
| #define VERSION "4.0.0"
| #define STDC_HEADERS 1
| #define HAVE_SYS_TYPES_H 1
| #define HAVE_SYS_STAT_H 1
| #define HAVE_STDLIB_H 1
| #define HAVE_STRING_H 1
| #define HAVE_MEMORY_H 1
| #define HAVE_STRINGS_H 1
| #define HAVE_INTTYPES_H 1
| #define HAVE_STDINT_H 1
| #define HAVE_UNISTD_H 1
| #define DHCP_BYTE_ORDER LITTLE_ENDIAN
| #define HAVE_LINUX_TYPES_H 1
| #define USE_LPF 1
| /* end confdefs.h.  */
| #include <sys/types.h>
|  #include <net/if6.h>
| 
| int
| main ()
| {
|  struct if_laddrreq a;
| 
|   ;
|   return 0;
| }
configure:5204: result: no
configure:5229: checking net/if_dl.h usability
configure:5246: ucfront-gcc arm-linux-gcc  -c -O2 -g -fomit-frame-pointer -pipe -msoft-float -fno-builtin -Wall -DEMBED -Dlinux -D__linux__ -Dunix -D__uClinux__ -D_GNU_SOURCE  conftest.c >&5
conftest.c:56:23: fatal error: net/if_dl.h: No such file or directory
compilation terminated.
configure:5252: $? = 1
configure: failed program was:
| /* confdefs.h.  */
| #define PACKAGE_NAME "DHCP"
| #define PACKAGE_TARNAME "dhcp"
| #define PACKAGE_VERSION "4.0.0"
| #define PACKAGE_STRING "DHCP 4.0.0"
| #define PACKAGE_BUGREPORT "dhcp-users@isc.org"
| #define PACKAGE "dhcp"
| #define VERSION "4.0.0"
| #define STDC_HEADERS 1
| #define HAVE_SYS_TYPES_H 1
| #define HAVE_SYS_STAT_H 1
| #define HAVE_STDLIB_H 1
| #define HAVE_STRING_H 1
| #define HAVE_MEMORY_H 1
| #define HAVE_STRINGS_H 1
| #define HAVE_INTTYPES_H 1
| #define HAVE_STDINT_H 1
| #define HAVE_UNISTD_H 1
| #define DHCP_BYTE_ORDER LITTLE_ENDIAN
| #define HAVE_LINUX_TYPES_H 1
| #define USE_LPF 1
| /* end confdefs.h.  */
| #include <stdio.h>
| #ifdef HAVE_SYS_TYPES_H
| # include <sys/types.h>
| #endif
| #ifdef HAVE_SYS_STAT_H
| # include <sys/stat.h>
| #endif
| #ifdef STDC_HEADERS
| # include <stdlib.h>
| # include <stddef.h>
| #else
| # ifdef HAVE_STDLIB_H
| #  include <stdlib.h>
| # endif
| #endif
| #ifdef HAVE_STRING_H
| # if !defined STDC_HEADERS && defined HAVE_MEMORY_H
| #  include <memory.h>
| # endif
| # include <string.h>
| #endif
| #ifdef HAVE_STRINGS_H
| # include <strings.h>
| #endif
| #ifdef HAVE_INTTYPES_H
| # include <inttypes.h>
| #endif
| #ifdef HAVE_STDINT_H
| # include <stdint.h>
| #endif
| #ifdef HAVE_UNISTD_H
| # include <unistd.h>
| #endif
| #include <net/if_dl.h>
configure:5266: result: no
configure:5270: checking net/if_dl.h presence
configure:5285: ucfront-gcc arm-linux-gcc  -E  conftest.c
conftest.c:23:23: fatal error: net/if_dl.h: No such file or directory
compilation terminated.
configure:5291: $? = 1
configure: failed program was:
| /* confdefs.h.  */
| #define PACKAGE_NAME "DHCP"
| #define PACKAGE_TARNAME "dhcp"
| #define PACKAGE_VERSION "4.0.0"
| #define PACKAGE_STRING "DHCP 4.0.0"
| #define PACKAGE_BUGREPORT "dhcp-users@isc.org"
| #define PACKAGE "dhcp"
| #define VERSION "4.0.0"
| #define STDC_HEADERS 1
| #define HAVE_SYS_TYPES_H 1
| #define HAVE_SYS_STAT_H 1
| #define HAVE_STDLIB_H 1
| #define HAVE_STRING_H 1
| #define HAVE_MEMORY_H 1
| #define HAVE_STRINGS_H 1
| #define HAVE_INTTYPES_H 1
| #define HAVE_STDINT_H 1
| #define HAVE_UNISTD_H 1
| #define DHCP_BYTE_ORDER LITTLE_ENDIAN
| #define HAVE_LINUX_TYPES_H 1
| #define USE_LPF 1
| /* end confdefs.h.  */
| #include <net/if_dl.h>
configure:5305: result: no
configure:5338: checking for net/if_dl.h
configure:5346: result: no
configure:5229: checking net/if6.h usability
configure:5246: ucfront-gcc arm-linux-gcc  -c -O2 -g -fomit-frame-pointer -pipe -msoft-float -fno-builtin -Wall -DEMBED -Dlinux -D__linux__ -Dunix -D__uClinux__ -D_GNU_SOURCE  conftest.c >&5
conftest.c:56:21: fatal error: net/if6.h: No such file or directory
compilation terminated.
configure:5252: $? = 1
configure: failed program was:
| /* confdefs.h.  */
| #define PACKAGE_NAME "DHCP"
| #define PACKAGE_TARNAME "dhcp"
| #define PACKAGE_VERSION "4.0.0"
| #define PACKAGE_STRING "DHCP 4.0.0"
| #define PACKAGE_BUGREPORT "dhcp-users@isc.org"
| #define PACKAGE "dhcp"
| #define VERSION "4.0.0"
| #define STDC_HEADERS 1
| #define HAVE_SYS_TYPES_H 1
| #define HAVE_SYS_STAT_H 1
| #define HAVE_STDLIB_H 1
| #define HAVE_STRING_H 1
| #define HAVE_MEMORY_H 1
| #define HAVE_STRINGS_H 1
| #define HAVE_INTTYPES_H 1
| #define HAVE_STDINT_H 1
| #define HAVE_UNISTD_H 1
| #define DHCP_BYTE_ORDER LITTLE_ENDIAN
| #define HAVE_LINUX_TYPES_H 1
| #define USE_LPF 1
| /* end confdefs.h.  */
| #include <stdio.h>
| #ifdef HAVE_SYS_TYPES_H
| # include <sys/types.h>
| #endif
| #ifdef HAVE_SYS_STAT_H
| # include <sys/stat.h>
| #endif
| #ifdef STDC_HEADERS
| # include <stdlib.h>
| # include <stddef.h>
| #else
| # ifdef HAVE_STDLIB_H
| #  include <stdlib.h>
| # endif
| #endif
| #ifdef HAVE_STRING_H
| # if !defined STDC_HEADERS && defined HAVE_MEMORY_H
| #  include <memory.h>
| # endif
| # include <string.h>
| #endif
| #ifdef HAVE_STRINGS_H
| # include <strings.h>
| #endif
| #ifdef HAVE_INTTYPES_H
| # include <inttypes.h>
| #endif
| #ifdef HAVE_STDINT_H
| # include <stdint.h>
| #endif
| #ifdef HAVE_UNISTD_H
| # include <unistd.h>
| #endif
| #include <net/if6.h>
configure:5266: result: no
configure:5270: checking net/if6.h presence
configure:5285: ucfront-gcc arm-linux-gcc  -E  conftest.c
conftest.c:23:21: fatal error: net/if6.h: No such file or directory
compilation terminated.
configure:5291: $? = 1
configure: failed program was:
| /* confdefs.h.  */
| #define PACKAGE_NAME "DHCP"
| #define PACKAGE_TARNAME "dhcp"
| #define PACKAGE_VERSION "4.0.0"
| #define PACKAGE_STRING "DHCP 4.0.0"
| #define PACKAGE_BUGREPORT "dhcp-users@isc.org"
| #define PACKAGE "dhcp"
| #define VERSION "4.0.0"
| #define STDC_HEADERS 1
| #define HAVE_SYS_TYPES_H 1
| #define HAVE_SYS_STAT_H 1
| #define HAVE_STDLIB_H 1
| #define HAVE_STRING_H 1
| #define HAVE_MEMORY_H 1
| #define HAVE_STRINGS_H 1
| #define HAVE_INTTYPES_H 1
| #define HAVE_STDINT_H 1
| #define HAVE_UNISTD_H 1
| #define DHCP_BYTE_ORDER LITTLE_ENDIAN
| #define HAVE_LINUX_TYPES_H 1
| #define USE_LPF 1
| /* end confdefs.h.  */
| #include <net/if6.h>
configure:5305: result: no
configure:5338: checking for net/if6.h
configure:5346: result: no
configure:5229: checking regex.h usability
configure:5246: ucfront-gcc arm-linux-gcc  -c -O2 -g -fomit-frame-pointer -pipe -msoft-float -fno-builtin -Wall -DEMBED -Dlinux -D__linux__ -Dunix -D__uClinux__ -D_GNU_SOURCE  conftest.c >&5
configure:5252: $? = 0
configure:5266: result: yes
configure:5270: checking regex.h presence
configure:5285: ucfront-gcc arm-linux-gcc  -E  conftest.c
configure:5291: $? = 0
configure:5305: result: yes
configure:5338: checking for regex.h
configure:5346: result: yes
configure:5361: checking for library containing MD5_Init
configure:5402: ucfront-gcc arm-linux-gcc  -o conftest -O2 -g -fomit-frame-pointer -pipe -msoft-float -fno-builtin -Wall -DEMBED -Dlinux -D__linux__ -Dunix -D__uClinux__ -D_GNU_SOURCE  -Wl,-elf2flt -msoft-float -Wl,-elf2flt -msoft-float conftest.c  >&5
/tmp/ccDBoEjx.o: In function `main':
/home/coffeeholic/reverse_engineering/pollin_ip_cam/uClinux-20160208/user/dhcp-isc/build/conftest.c:35: undefined reference to `MD5_Init'
collect2: ld returned 1 exit status
configure:5408: $? = 1
configure: failed program was:
| /* confdefs.h.  */
| #define PACKAGE_NAME "DHCP"
| #define PACKAGE_TARNAME "dhcp"
| #define PACKAGE_VERSION "4.0.0"
| #define PACKAGE_STRING "DHCP 4.0.0"
| #define PACKAGE_BUGREPORT "dhcp-users@isc.org"
| #define PACKAGE "dhcp"
| #define VERSION "4.0.0"
| #define STDC_HEADERS 1
| #define HAVE_SYS_TYPES_H 1
| #define HAVE_SYS_STAT_H 1
| #define HAVE_STDLIB_H 1
| #define HAVE_STRING_H 1
| #define HAVE_MEMORY_H 1
| #define HAVE_STRINGS_H 1
| #define HAVE_INTTYPES_H 1
| #define HAVE_STDINT_H 1
| #define HAVE_UNISTD_H 1
| #define DHCP_BYTE_ORDER LITTLE_ENDIAN
| #define HAVE_LINUX_TYPES_H 1
| #define USE_LPF 1
| #define HAVE_REGEX_H 1
| /* end confdefs.h.  */
| 
| /* Override any GCC internal prototype to avoid an error.
|    Use char because int might match the return type of a GCC
|    builtin and then its argument prototype would still apply.  */
| #ifdef __cplusplus
| extern "C"
| #endif
| char MD5_Init ();
| int
| main ()
| {
| return MD5_Init ();
|   ;
|   return 0;
| }
configure:5402: ucfront-gcc arm-linux-gcc  -o conftest -O2 -g -fomit-frame-pointer -pipe -msoft-float -fno-builtin -Wall -DEMBED -Dlinux -D__linux__ -Dunix -D__uClinux__ -D_GNU_SOURCE  -Wl,-elf2flt -msoft-float -Wl,-elf2flt -msoft-float conftest.c -lcrypto   >&5
/opt/sgpp-lite-arm-uclinux-bin-2010.09.58/arm-uclinuxeabi/bin/ld.real: cannot find -lcrypto
collect2: ld returned 1 exit status
configure:5408: $? = 1
configure: failed program was:
| /* confdefs.h.  */
| #define PACKAGE_NAME "DHCP"
| #define PACKAGE_TARNAME "dhcp"
| #define PACKAGE_VERSION "4.0.0"
| #define PACKAGE_STRING "DHCP 4.0.0"
| #define PACKAGE_BUGREPORT "dhcp-users@isc.org"
| #define PACKAGE "dhcp"
| #define VERSION "4.0.0"
| #define STDC_HEADERS 1
| #define HAVE_SYS_TYPES_H 1
| #define HAVE_SYS_STAT_H 1
| #define HAVE_STDLIB_H 1
| #define HAVE_STRING_H 1
| #define HAVE_MEMORY_H 1
| #define HAVE_STRINGS_H 1
| #define HAVE_INTTYPES_H 1
| #define HAVE_STDINT_H 1
| #define HAVE_UNISTD_H 1
| #define DHCP_BYTE_ORDER LITTLE_ENDIAN
| #define HAVE_LINUX_TYPES_H 1
| #define USE_LPF 1
| #define HAVE_REGEX_H 1
| /* end confdefs.h.  */
| 
| /* Override any GCC internal prototype to avoid an error.
|    Use char because int might match the return type of a GCC
|    builtin and then its argument prototype would still apply.  */
| #ifdef __cplusplus
| extern "C"
| #endif
| char MD5_Init ();
| int
| main ()
| {
| return MD5_Init ();
|   ;
|   return 0;
| }
configure:5436: result: no
configure:5444: checking for library containing MD5Init
configure:5485: ucfront-gcc arm-linux-gcc  -o conftest -O2 -g -fomit-frame-pointer -pipe -msoft-float -fno-builtin -Wall -DEMBED -Dlinux -D__linux__ -Dunix -D__uClinux__ -D_GNU_SOURCE  -Wl,-elf2flt -msoft-float -Wl,-elf2flt -msoft-float conftest.c  >&5
/tmp/ccRhAkpA.o: In function `main':
/home/coffeeholic/reverse_engineering/pollin_ip_cam/uClinux-20160208/user/dhcp-isc/build/conftest.c:35: undefined reference to `MD5Init'
collect2: ld returned 1 exit status
configure:5491: $? = 1
configure: failed program was:
| /* confdefs.h.  */
| #define PACKAGE_NAME "DHCP"
| #define PACKAGE_TARNAME "dhcp"
| #define PACKAGE_VERSION "4.0.0"
| #define PACKAGE_STRING "DHCP 4.0.0"
| #define PACKAGE_BUGREPORT "dhcp-users@isc.org"
| #define PACKAGE "dhcp"
| #define VERSION "4.0.0"
| #define STDC_HEADERS 1
| #define HAVE_SYS_TYPES_H 1
| #define HAVE_SYS_STAT_H 1
| #define HAVE_STDLIB_H 1
| #define HAVE_STRING_H 1
| #define HAVE_MEMORY_H 1
| #define HAVE_STRINGS_H 1
| #define HAVE_INTTYPES_H 1
| #define HAVE_STDINT_H 1
| #define HAVE_UNISTD_H 1
| #define DHCP_BYTE_ORDER LITTLE_ENDIAN
| #define HAVE_LINUX_TYPES_H 1
| #define USE_LPF 1
| #define HAVE_REGEX_H 1
| /* end confdefs.h.  */
| 
| /* Override any GCC internal prototype to avoid an error.
|    Use char because int might match the return type of a GCC
|    builtin and then its argument prototype would still apply.  */
| #ifdef __cplusplus
| extern "C"
| #endif
| char MD5Init ();
| int
| main ()
| {
| return MD5Init ();
|   ;
|   return 0;
| }
configure:5485: ucfront-gcc arm-linux-gcc  -o conftest -O2 -g -fomit-frame-pointer -pipe -msoft-float -fno-builtin -Wall -DEMBED -Dlinux -D__linux__ -Dunix -D__uClinux__ -D_GNU_SOURCE  -Wl,-elf2flt -msoft-float -Wl,-elf2flt -msoft-float conftest.c -lcrypto   >&5
/opt/sgpp-lite-arm-uclinux-bin-2010.09.58/arm-uclinuxeabi/bin/ld.real: cannot find -lcrypto
collect2: ld returned 1 exit status
configure:5491: $? = 1
configure: failed program was:
| /* confdefs.h.  */
| #define PACKAGE_NAME "DHCP"
| #define PACKAGE_TARNAME "dhcp"
| #define PACKAGE_VERSION "4.0.0"
| #define PACKAGE_STRING "DHCP 4.0.0"
| #define PACKAGE_BUGREPORT "dhcp-users@isc.org"
| #define PACKAGE "dhcp"
| #define VERSION "4.0.0"
| #define STDC_HEADERS 1
| #define HAVE_SYS_TYPES_H 1
| #define HAVE_SYS_STAT_H 1
| #define HAVE_STDLIB_H 1
| #define HAVE_STRING_H 1
| #define HAVE_MEMORY_H 1
| #define HAVE_STRINGS_H 1
| #define HAVE_INTTYPES_H 1
| #define HAVE_STDINT_H 1
| #define HAVE_UNISTD_H 1
| #define DHCP_BYTE_ORDER LITTLE_ENDIAN
| #define HAVE_LINUX_TYPES_H 1
| #define USE_LPF 1
| #define HAVE_REGEX_H 1
| /* end confdefs.h.  */
| 
| /* Override any GCC internal prototype to avoid an error.
|    Use char because int might match the return type of a GCC
|    builtin and then its argument prototype would still apply.  */
| #ifdef __cplusplus
| extern "C"
| #endif
| char MD5Init ();
| int
| main ()
| {
| return MD5Init ();
|   ;
|   return 0;
| }
configure:5519: result: no
configure:5529: checking for library containing socket
configure:5570: ucfront-gcc arm-linux-gcc  -o conftest -O2 -g -fomit-frame-pointer -pipe -msoft-float -fno-builtin -Wall -DEMBED -Dlinux -D__linux__ -Dunix -D__uClinux__ -D_GNU_SOURCE  -Wl,-elf2flt -msoft-float -Wl,-elf2flt -msoft-float conftest.c  >&5
configure:5576: $? = 0
configure:5604: result: none required
configure:5612: checking for library containing inet_ntoa
configure:5653: ucfront-gcc arm-linux-gcc  -o conftest -O2 -g -fomit-frame-pointer -pipe -msoft-float -fno-builtin -Wall -DEMBED -Dlinux -D__linux__ -Dunix -D__uClinux__ -D_GNU_SOURCE  -Wl,-elf2flt -msoft-float -Wl,-elf2flt -msoft-float conftest.c  >&5
configure:5659: $? = 0
configure:5687: result: none required
configure:5696: checking for library containing inet_aton
configure:5737: ucfront-gcc arm-linux-gcc  -o conftest -O2 -g -fomit-frame-pointer -pipe -msoft-float -fno-builtin -Wall -DEMBED -Dlinux -D__linux__ -Dunix -D__uClinux__ -D_GNU_SOURCE  -Wl,-elf2flt -msoft-float -Wl,-elf2flt -msoft-float conftest.c  >&5
configure:5743: $? = 0
configure:5771: result: none required
configure:5787: checking for library containing regcomp
configure:5828: ucfront-gcc arm-linux-gcc  -o conftest -O2 -g -fomit-frame-pointer -pipe -msoft-float -fno-builtin -Wall -DEMBED -Dlinux -D__linux__ -Dunix -D__uClinux__ -D_GNU_SOURCE  -Wl,-elf2flt -msoft-float -Wl,-elf2flt -msoft-float conftest.c  >&5
configure:5834: $? = 0
configure:5862: result: none required
configure:5872: checking for library containing if_nametoindex
configure:5913: ucfront-gcc arm-linux-gcc  -o conftest -O2 -g -fomit-frame-pointer -pipe -msoft-float -fno-builtin -Wall -DEMBED -Dlinux -D__linux__ -Dunix -D__uClinux__ -D_GNU_SOURCE  -Wl,-elf2flt -msoft-float -Wl,-elf2flt -msoft-float conftest.c  >&5
configure:5919: $? = 0
configure:5947: result: none required
configure:5957: checking for /dev/random
configure:5972: result: yes
configure:5984: checking for struct sockaddr.sa_len
configure:6013: ucfront-gcc arm-linux-gcc  -c -O2 -g -fomit-frame-pointer -pipe -msoft-float -fno-builtin -Wall -DEMBED -Dlinux -D__linux__ -Dunix -D__uClinux__ -D_GNU_SOURCE  conftest.c >&5
conftest.c: In function 'main':
conftest.c:31:12: error: 'struct sockaddr' has no member named 'sa_len'
configure:6019: $? = 1
configure: failed program was:
| /* confdefs.h.  */
| #define PACKAGE_NAME "DHCP"
| #define PACKAGE_TARNAME "dhcp"
| #define PACKAGE_VERSION "4.0.0"
| #define PACKAGE_STRING "DHCP 4.0.0"
| #define PACKAGE_BUGREPORT "dhcp-users@isc.org"
| #define PACKAGE "dhcp"
| #define VERSION "4.0.0"
| #define STDC_HEADERS 1
| #define HAVE_SYS_TYPES_H 1
| #define HAVE_SYS_STAT_H 1
| #define HAVE_STDLIB_H 1
| #define HAVE_STRING_H 1
| #define HAVE_MEMORY_H 1
| #define HAVE_STRINGS_H 1
| #define HAVE_INTTYPES_H 1
| #define HAVE_STDINT_H 1
| #define HAVE_UNISTD_H 1
| #define DHCP_BYTE_ORDER LITTLE_ENDIAN
| #define HAVE_LINUX_TYPES_H 1
| #define USE_LPF 1
| #define HAVE_REGEX_H 1
| #define HAVE_DEV_RANDOM 1
| /* end confdefs.h.  */
| #include <sys/socket.h>
| 
| int
| main ()
| {
| static struct sockaddr ac_aggr;
| if (ac_aggr.sa_len)
| return 0;
|   ;
|   return 0;
| }
configure:6053: ucfront-gcc arm-linux-gcc  -c -O2 -g -fomit-frame-pointer -pipe -msoft-float -fno-builtin -Wall -DEMBED -Dlinux -D__linux__ -Dunix -D__uClinux__ -D_GNU_SOURCE  conftest.c >&5
conftest.c: In function 'main':
conftest.c:31:19: error: 'struct sockaddr' has no member named 'sa_len'
configure:6059: $? = 1
configure: failed program was:
| /* confdefs.h.  */
| #define PACKAGE_NAME "DHCP"
| #define PACKAGE_TARNAME "dhcp"
| #define PACKAGE_VERSION "4.0.0"
| #define PACKAGE_STRING "DHCP 4.0.0"
| #define PACKAGE_BUGREPORT "dhcp-users@isc.org"
| #define PACKAGE "dhcp"
| #define VERSION "4.0.0"
| #define STDC_HEADERS 1
| #define HAVE_SYS_TYPES_H 1
| #define HAVE_SYS_STAT_H 1
| #define HAVE_STDLIB_H 1
| #define HAVE_STRING_H 1
| #define HAVE_MEMORY_H 1
| #define HAVE_STRINGS_H 1
| #define HAVE_INTTYPES_H 1
| #define HAVE_STDINT_H 1
| #define HAVE_UNISTD_H 1
| #define DHCP_BYTE_ORDER LITTLE_ENDIAN
| #define HAVE_LINUX_TYPES_H 1
| #define USE_LPF 1
| #define HAVE_REGEX_H 1
| #define HAVE_DEV_RANDOM 1
| /* end confdefs.h.  */
| #include <sys/socket.h>
| 
| int
| main ()
| {
| static struct sockaddr ac_aggr;
| if (sizeof ac_aggr.sa_len)
| return 0;
|   ;
|   return 0;
| }
configure:6077: result: no
configure:6089: checking for struct iaddr *
configure:6123: ucfront-gcc arm-linux-gcc  -c -O2 -g -fomit-frame-pointer -pipe -msoft-float -fno-builtin -Wall -DEMBED -Dlinux -D__linux__ -Dunix -D__uClinux__ -D_GNU_SOURCE  conftest.c >&5
conftest.c:26:27: fatal error: includes/inet.h: No such file or directory
compilation terminated.
configure:6129: $? = 1
configure: failed program was:
| /* confdefs.h.  */
| #define PACKAGE_NAME "DHCP"
| #define PACKAGE_TARNAME "dhcp"
| #define PACKAGE_VERSION "4.0.0"
| #define PACKAGE_STRING "DHCP 4.0.0"
| #define PACKAGE_BUGREPORT "dhcp-users@isc.org"
| #define PACKAGE "dhcp"
| #define VERSION "4.0.0"
| #define STDC_HEADERS 1
| #define HAVE_SYS_TYPES_H 1
| #define HAVE_SYS_STAT_H 1
| #define HAVE_STDLIB_H 1
| #define HAVE_STRING_H 1
| #define HAVE_MEMORY_H 1
| #define HAVE_STRINGS_H 1
| #define HAVE_INTTYPES_H 1
| #define HAVE_STDINT_H 1
| #define HAVE_UNISTD_H 1
| #define DHCP_BYTE_ORDER LITTLE_ENDIAN
| #define HAVE_LINUX_TYPES_H 1
| #define USE_LPF 1
| #define HAVE_REGEX_H 1
| #define HAVE_DEV_RANDOM 1
| /* end confdefs.h.  */
| 
| #include "includes/inet.h"
| #include <stdio.h>
| 
| 
| typedef struct iaddr * ac__type_new_;
| int
| main ()
| {
| if ((ac__type_new_ *) 0)
|   return 0;
| if (sizeof (ac__type_new_))
|   return 0;
|   ;
|   return 0;
| }
configure:6144: result: no
configure:6151: checking size of struct iaddr *
configure:6186: ucfront-gcc arm-linux-gcc  -c -O2 -g -fomit-frame-pointer -pipe -msoft-float -fno-builtin -Wall -DEMBED -Dlinux -D__linux__ -Dunix -D__uClinux__ -D_GNU_SOURCE  conftest.c >&5
conftest.c:26:27: fatal error: includes/inet.h: No such file or directory
compilation terminated.
configure:6192: $? = 1
configure: failed program was:
| /* confdefs.h.  */
| #define PACKAGE_NAME "DHCP"
| #define PACKAGE_TARNAME "dhcp"
| #define PACKAGE_VERSION "4.0.0"
| #define PACKAGE_STRING "DHCP 4.0.0"
| #define PACKAGE_BUGREPORT "dhcp-users@isc.org"
| #define PACKAGE "dhcp"
| #define VERSION "4.0.0"
| #define STDC_HEADERS 1
| #define HAVE_SYS_TYPES_H 1
| #define HAVE_SYS_STAT_H 1
| #define HAVE_STDLIB_H 1
| #define HAVE_STRING_H 1
| #define HAVE_MEMORY_H 1
| #define HAVE_STRINGS_H 1
| #define HAVE_INTTYPES_H 1
| #define HAVE_STDINT_H 1
| #define HAVE_UNISTD_H 1
| #define DHCP_BYTE_ORDER LITTLE_ENDIAN
| #define HAVE_LINUX_TYPES_H 1
| #define USE_LPF 1
| #define HAVE_REGEX_H 1
| #define HAVE_DEV_RANDOM 1
| /* end confdefs.h.  */
| 
| #include "includes/inet.h"
| #include <stdio.h>
| 
| 
|    typedef struct iaddr * ac__type_sizeof_;
| int
| main ()
| {
| static int test_array [1 - 2 * !(((long int) (sizeof (ac__type_sizeof_))) >= 0)];
| test_array [0] = 0
| 
|   ;
|   return 0;
| }
configure:6285: ucfront-gcc arm-linux-gcc  -c -O2 -g -fomit-frame-pointer -pipe -msoft-float -fno-builtin -Wall -DEMBED -Dlinux -D__linux__ -Dunix -D__uClinux__ -D_GNU_SOURCE  conftest.c >&5
conftest.c:26:27: fatal error: includes/inet.h: No such file or directory
compilation terminated.
configure:6291: $? = 1
configure: failed program was:
| /* confdefs.h.  */
| #define PACKAGE_NAME "DHCP"
| #define PACKAGE_TARNAME "dhcp"
| #define PACKAGE_VERSION "4.0.0"
| #define PACKAGE_STRING "DHCP 4.0.0"
| #define PACKAGE_BUGREPORT "dhcp-users@isc.org"
| #define PACKAGE "dhcp"
| #define VERSION "4.0.0"
| #define STDC_HEADERS 1
| #define HAVE_SYS_TYPES_H 1
| #define HAVE_SYS_STAT_H 1
| #define HAVE_STDLIB_H 1
| #define HAVE_STRING_H 1
| #define HAVE_MEMORY_H 1
| #define HAVE_STRINGS_H 1
| #define HAVE_INTTYPES_H 1
| #define HAVE_STDINT_H 1
| #define HAVE_UNISTD_H 1
| #define DHCP_BYTE_ORDER LITTLE_ENDIAN
| #define HAVE_LINUX_TYPES_H 1
| #define USE_LPF 1
| #define HAVE_REGEX_H 1
| #define HAVE_DEV_RANDOM 1
| /* end confdefs.h.  */
| 
| #include "includes/inet.h"
| #include <stdio.h>
| 
| 
|    typedef struct iaddr * ac__type_sizeof_;
| int
| main ()
| {
| static int test_array [1 - 2 * !(((long int) (sizeof (ac__type_sizeof_))) < 0)];
| test_array [0] = 0
| 
|   ;
|   return 0;
| }
configure:6512: result: 0
configure:6534: checking for struct msghdr.msg_control
configure:6566: ucfront-gcc arm-linux-gcc  -c -O2 -g -fomit-frame-pointer -pipe -msoft-float -fno-builtin -Wall -DEMBED -Dlinux -D__linux__ -Dunix -D__uClinux__ -D_GNU_SOURCE  conftest.c >&5
configure:6572: $? = 0
configure:6633: result: yes
configure:6876: creating ./config.status

## ---------------------- ##
## Running config.status. ##
## ---------------------- ##

This file was extended by DHCP config.status 4.0.0, which was
generated by GNU Autoconf 2.61.  Invocation command line was

  CONFIG_FILES    = 
  CONFIG_HEADERS  = 
  CONFIG_LINKS    = 
  CONFIG_COMMANDS = 
  $ ./config.status 

on kaffeemuehle

config.status:649: creating Makefile
config.status:649: creating client/Makefile
config.status:649: creating common/Makefile
config.status:649: creating common/tests/Makefile
config.status:649: creating dhcpctl/Makefile
config.status:649: creating dst/Makefile
config.status:649: creating includes/Makefile
config.status:649: creating minires/Makefile
config.status:649: creating omapip/Makefile
config.status:649: creating relay/Makefile
config.status:649: creating server/Makefile
config.status:649: creating tests/Makefile
config.status:649: creating includes/config.h
config.status:920: executing depfiles commands

## ---------------- ##
## Cache variables. ##
## ---------------- ##

ac_cv_c_bigendian=no
ac_cv_c_compiler_gnu=yes
ac_cv_env_CC_set=set
ac_cv_env_CC_value='ucfront-gcc arm-linux-gcc '
ac_cv_env_CFLAGS_set=set
ac_cv_env_CFLAGS_value='-O2 -g -fomit-frame-pointer -pipe -msoft-float -fno-builtin -Wall -DEMBED -Dlinux -D__linux__ -Dunix -D__uClinux__ -D_GNU_SOURCE'
ac_cv_env_CPPFLAGS_set=
ac_cv_env_CPPFLAGS_value=
ac_cv_env_CPP_set=
ac_cv_env_CPP_value=
ac_cv_env_LDFLAGS_set=set
ac_cv_env_LDFLAGS_value='-Wl,-elf2flt -msoft-float -Wl,-elf2flt -msoft-float'
ac_cv_env_LIBS_set=
ac_cv_env_LIBS_value=
ac_cv_env_build_alias_set=set
ac_cv_env_build_alias_value=i686-pc-linux-gnu
ac_cv_env_host_alias_set=set
ac_cv_env_host_alias_value=arm-linux
ac_cv_env_target_alias_set=set
ac_cv_env_target_alias_value=arm-linux
ac_cv_file__dev_random=yes
ac_cv_header_inttypes_h=yes
ac_cv_header_linux_filter_h=yes
ac_cv_header_linux_types_h=yes
ac_cv_header_memory_h=yes
ac_cv_header_net_if6_h=no
ac_cv_header_net_if_dl_h=no
ac_cv_header_regex_h=yes
ac_cv_header_stdc=yes
ac_cv_header_stdint_h=yes
ac_cv_header_stdlib_h=yes
ac_cv_header_string_h=yes
ac_cv_header_strings_h=yes
ac_cv_header_sys_stat_h=yes
ac_cv_header_sys_types_h=yes
ac_cv_header_unistd_h=yes
ac_cv_member_struct_msghdr_msg_control=yes
ac_cv_member_struct_sockaddr_sa_len=no
ac_cv_objext=o
ac_cv_path_EGREP='/bin/grep -E'
ac_cv_path_GREP=/bin/grep
ac_cv_path_install='/usr/bin/install -c'
ac_cv_path_mkdir=/bin/mkdir
ac_cv_prog_AWK=gawk
ac_cv_prog_CC='ucfront-gcc arm-linux-gcc '
ac_cv_prog_CPP='ucfront-gcc arm-linux-gcc  -E'
ac_cv_prog_RANLIB=arm-linux-ranlib
ac_cv_prog_STRIP=arm-linux-strip
ac_cv_prog_cc_c89=
ac_cv_prog_cc_g=yes
ac_cv_prog_make_make_set=yes
ac_cv_search_MD5Init=no
ac_cv_search_MD5_Init=no
ac_cv_search_if_nametoindex='none required'
ac_cv_search_inet_aton='none required'
ac_cv_search_inet_ntoa='none required'
ac_cv_search_regcomp='none required'
ac_cv_search_socket='none required'
ac_cv_sizeof_struct_iaddr_p=0
ac_cv_type_struct_iaddr_p=no
am_cv_CC_dependencies_compiler_type=gcc3

## ----------------- ##
## Output variables. ##
## ----------------- ##

ACLOCAL='${SHELL} /home/coffeeholic/reverse_engineering/pollin_ip_cam/uClinux-20160208/user/dhcp-isc/missing --run aclocal-1.10'
AMDEPBACKSLASH='\'
AMDEP_FALSE='#'
AMDEP_TRUE=''
AMTAR='${SHELL} /home/coffeeholic/reverse_engineering/pollin_ip_cam/uClinux-20160208/user/dhcp-isc/missing --run tar'
AUTOCONF='${SHELL} /home/coffeeholic/reverse_engineering/pollin_ip_cam/uClinux-20160208/user/dhcp-isc/missing --run autoconf'
AUTOHEADER='${SHELL} /home/coffeeholic/reverse_engineering/pollin_ip_cam/uClinux-20160208/user/dhcp-isc/missing --run autoheader'
AUTOMAKE='${SHELL} /home/coffeeholic/reverse_engineering/pollin_ip_cam/uClinux-20160208/user/dhcp-isc/missing --run automake-1.10'
AWK='gawk'
CC='ucfront-gcc arm-linux-gcc '
CCDEPMODE='depmode=gcc3'
CFLAGS='-O2 -g -fomit-frame-pointer -pipe -msoft-float -fno-builtin -Wall -DEMBED -Dlinux -D__linux__ -Dunix -D__uClinux__ -D_GNU_SOURCE '
CPP='ucfront-gcc arm-linux-gcc  -E'
CPPFLAGS=''
CYGPATH_W='echo'
DEFS='-DHAVE_CONFIG_H'
DEPDIR='.deps'
ECHO_C=''
ECHO_N='-n'
ECHO_T=''
EGREP='/bin/grep -E'
EXEEXT=''
GREP='/bin/grep'
INSTALL_DATA='${INSTALL} -m 644'
INSTALL_PROGRAM='${INSTALL}'
INSTALL_SCRIPT='${INSTALL}'
INSTALL_STRIP_PROGRAM='$(install_sh) -c -s'
LDFLAGS='-Wl,-elf2flt -msoft-float -Wl,-elf2flt -msoft-float'
LIBOBJS=''
LIBS=''
LTLIBOBJS=''
MAKEINFO='${SHELL} /home/coffeeholic/reverse_engineering/pollin_ip_cam/uClinux-20160208/user/dhcp-isc/missing --run makeinfo'
OBJEXT='o'
PACKAGE='dhcp'
PACKAGE_BUGREPORT='dhcp-users@isc.org'
PACKAGE_NAME='DHCP'
PACKAGE_STRING='DHCP 4.0.0'
PACKAGE_TARNAME='dhcp'
PACKAGE_VERSION='4.0.0'
PATH_SEPARATOR=':'
RANLIB='arm-linux-ranlib'
SET_MAKE=''
SHELL='/bin/sh'
STRIP='arm-linux-strip'
VERSION='4.0.0'
ac_ct_CC=''
ac_prefix_program=''
am__fastdepCC_FALSE='#'
am__fastdepCC_TRUE=''
am__include='include'
am__isrc=' -I$(srcdir)'
am__leading_dot='.'
am__quote=''
am__tar='${AMTAR} chof - "$$tardir"'
am__untar='${AMTAR} xf -'
bindir='${exec_prefix}/bin'
build_alias='i686-pc-linux-gnu'
byte_order='LITTLE_ENDIAN'
datadir='${datarootdir}'
datarootdir='${prefix}/share'
docdir='${datarootdir}/doc/${PACKAGE_TARNAME}'
dvidir='${docdir}'
exec_prefix='${prefix}'
host_alias='arm-linux'
htmldir='${docdir}'
includedir='${prefix}/include'
infodir='${datarootdir}/info'
install_sh='$(SHELL) /home/coffeeholic/reverse_engineering/pollin_ip_cam/uClinux-20160208/user/dhcp-isc/install-sh'
libdir='${exec_prefix}/lib'
libexecdir='${exec_prefix}/libexec'
localedir='${datarootdir}/locale'
localstatedir='/var'
mandir='${datarootdir}/man'
mkdir_p='/bin/mkdir -p'
oldincludedir='/usr/include'
pdfdir='${docdir}'
prefix='/usr/local'
program_transform_name='s,x,x,'
psdir='${docdir}'
sbindir='${exec_prefix}/sbin'
sharedstatedir='${prefix}/com'
sysconfdir='${prefix}/etc'
target_alias='arm-linux'

## ----------- ##
## confdefs.h. ##
## ----------- ##

#define PACKAGE_NAME "DHCP"
#define PACKAGE_TARNAME "dhcp"
#define PACKAGE_VERSION "4.0.0"
#define PACKAGE_STRING "DHCP 4.0.0"
#define PACKAGE_BUGREPORT "dhcp-users@isc.org"
#define PACKAGE "dhcp"
#define VERSION "4.0.0"
#define STDC_HEADERS 1
#define HAVE_SYS_TYPES_H 1
#define HAVE_SYS_STAT_H 1
#define HAVE_STDLIB_H 1
#define HAVE_STRING_H 1
#define HAVE_MEMORY_H 1
#define HAVE_STRINGS_H 1
#define HAVE_INTTYPES_H 1
#define HAVE_STDINT_H 1
#define HAVE_UNISTD_H 1
#define DHCP_BYTE_ORDER LITTLE_ENDIAN
#define HAVE_LINUX_TYPES_H 1
#define USE_LPF 1
#define HAVE_REGEX_H 1
#define HAVE_DEV_RANDOM 1
#define SIZEOF_STRUCT_IADDR_P 0

configure: exit 0
