This file contains any messages produced by compilers while
running configure, to aid debugging if configure makes a mistake.

It was created by libmicrohttpd configure 0.9.15, which was
generated by GNU Autoconf 2.69.  Invocation command line was

  $ configure --host=arm-uclinuxeabi --build=i686-pc-linux-gnu --target=arm-uclinuxeabi --disable-postprocessor --disable-dauth --disable-shared

## --------- ##
## Platform. ##
## --------- ##

hostname = kaffeemuehle
uname -m = x86_64
uname -r = 4.1.12-gentoo
uname -s = Linux
uname -v = #1 SMP PREEMPT Fri Jan 1 11:38:30 CET 2016

/usr/bin/uname -p = Intel(R) Core(TM)2 Duo CPU P9500 @ 2.53GHz
/bin/uname -X     = unknown

/bin/arch              = unknown
/usr/bin/arch -k       = unknown
/usr/convex/getsysinfo = unknown
/usr/bin/hostinfo      = unknown
/bin/machine           = unknown
/usr/bin/oslevel       = unknown
/bin/universe          = unknown

PATH: /usr/local/arm_tools/bin
PATH: /usr/local/bin
PATH: /usr/bin
PATH: /bin
PATH: /opt/bin
PATH: /usr/x86_64-pc-linux-gnu/gcc-bin/4.8.5
PATH: /usr/x86_64-pc-linux-gnu/arm-none-eabi/gcc-bin/4.9.3
PATH: /usr/x86_64-pc-linux-gnu/arm-unknown-linux-gnueabi/gcc-bin/4.9.3
PATH: /usr/x86_64-pc-linux-gnu/avr/gcc-bin/4.6.4
PATH: /opt/sgpp-lite-arm-uclinux-bin-2010.09.58/bin
PATH: /usr/games/bin
PATH: /usr/lib64/lua/luarocks/bin/
PATH: /home/coffeeholic/reverse_engineering/pollin_ip_cam/rhuitl-uclinux/tools
PATH: /home/coffeeholic/reverse_engineering/pollin_ip_cam/rhuitl-uclinux/tools


## ----------- ##
## Core tests. ##
## ----------- ##

configure:2379: checking for a BSD-compatible install
configure:2447: result: /usr/bin/install -c
configure:2458: checking whether build environment is sane
configure:2513: result: yes
configure:2572: checking for arm-uclinuxeabi-strip
configure:2599: result: arm-uclinuxeabi-strip
configure:2664: checking for a thread-safe mkdir -p
configure:2703: result: /bin/mkdir -p
configure:2710: checking for gawk
configure:2726: found /usr/bin/gawk
configure:2737: result: gawk
configure:2748: checking whether make sets $(MAKE)
configure:2770: result: yes
configure:2799: checking whether make supports nested variables
configure:2816: result: yes
configure:2980: checking for gawk
configure:3007: result: gawk
configure:3019: checking whether ln -s works
configure:3023: result: yes
configure:3030: checking whether make sets $(MAKE)
configure:3052: result: yes
configure:3065: checking build system type
configure:3079: result: i686-pc-linux-gnu
configure:3099: checking host system type
configure:3112: result: arm-unknown-uclinuxeabi
configure:3144: checking for style of include used by make
configure:3172: result: GNU
configure:3203: checking for arm-uclinuxeabi-gcc
configure:3230: result: ucfront-gcc arm-uclinuxeabi-gcc 
configure:3499: checking for C compiler version
configure:3508: ucfront-gcc arm-uclinuxeabi-gcc  --version >&5
arm-uclinuxeabi-gcc (Sourcery G++ Lite 2010.09-58) 4.5.1
Copyright (C) 2010 Free Software Foundation, Inc.
This is free software; see the source for copying conditions.  There is NO
warranty; not even for MERCHANTABILITY or FITNESS FOR A PARTICULAR PURPOSE.

configure:3519: $? = 0
configure:3508: ucfront-gcc arm-uclinuxeabi-gcc  -v >&5
Using built-in specs.
COLLECT_GCC=/opt/sgpp-lite-arm-uclinux-bin-2010.09.58/bin/arm-uclinuxeabi-gcc
COLLECT_LTO_WRAPPER=/opt/sgpp-lite-arm-uclinux-bin-2010.09.58/bin/../libexec/gcc/arm-uclinuxeabi/4.5.1/lto-wrapper
Target: arm-uclinuxeabi
Configured with: /scratch/julian/2010q3-release-uclinux-lite/src/gcc-4.5-2010.09/configure --build=i686-pc-linux-gnu --host=i686-pc-linux-gnu --target=arm-uclinuxeabi --enable-threads --disable-libmudflap --disable-libssp --disable-libstdcxx-pch --enable-extra-sgxxlite-multilibs --with-gnu-as --with-gnu-ld --with-specs='%{save-temps: -fverbose-asm} -D__CS_SOURCERYGXX_MAJ__=2010 -D__CS_SOURCERYGXX_MIN__=9 -D__CS_SOURCERYGXX_REV__=58 %{O2:%{!fno-remove-local-statics: -fremove-local-statics}} %{O*:%{O|O0|O1|O2|Os:;:%{!fno-remove-local-statics: -fremove-local-statics}}}' --enable-languages=c,c++ --disable-shared --enable-lto --with-pkgversion='Sourcery G++ Lite 2010.09-58' --with-bugurl=https://support.codesourcery.com/GNUToolchain/ --disable-nls --prefix=/opt/codesourcery --with-sysroot=/opt/codesourcery/arm-uclinuxeabi/libc --with-build-sysroot=/scratch/julian/2010q3-release-uclinux-lite/install/arm-uclinuxeabi/libc --with-gmp=/scratch/julian/2010q3-release-uclinux-lite/obj/host-libs-2010.09-58-arm-uclinuxeabi-i686-pc-linux-gnu/usr --with-mpfr=/scratch/julian/2010q3-release-uclinux-lite/obj/host-libs-2010.09-58-arm-uclinuxeabi-i686-pc-linux-gnu/usr --with-mpc=/scratch/julian/2010q3-release-uclinux-lite/obj/host-libs-2010.09-58-arm-uclinuxeabi-i686-pc-linux-gnu/usr --with-ppl=/scratch/julian/2010q3-release-uclinux-lite/obj/host-libs-2010.09-58-arm-uclinuxeabi-i686-pc-linux-gnu/usr --with-host-libstdcxx='-static-libgcc -Wl,-Bstatic,-lstdc++,-Bdynamic -lm' --with-cloog=/scratch/julian/2010q3-release-uclinux-lite/obj/host-libs-2010.09-58-arm-uclinuxeabi-i686-pc-linux-gnu/usr --with-libelf=/scratch/julian/2010q3-release-uclinux-lite/obj/host-libs-2010.09-58-arm-uclinuxeabi-i686-pc-linux-gnu/usr --disable-libgomp --enable-poison-system-directories --with-build-time-tools=/scratch/julian/2010q3-release-uclinux-lite/install/arm-uclinuxeabi/bin --with-build-time-tools=/scratch/julian/2010q3-release-uclinux-lite/install/arm-uclinuxeabi/bin
Thread model: single
gcc version 4.5.1 (Sourcery G++ Lite 2010.09-58) 
configure:3519: $? = 0
configure:3508: ucfront-gcc arm-uclinuxeabi-gcc  -V >&5
arm-uclinuxeabi-gcc: '-V' option must have argument
configure:3519: $? = 1
configure:3508: ucfront-gcc arm-uclinuxeabi-gcc  -qversion >&5
arm-uclinuxeabi-gcc: unrecognized option '-qversion'
arm-uclinuxeabi-gcc: no input files
configure:3519: $? = 1
configure:3539: checking whether the C compiler works
configure:3561: ucfront-gcc arm-uclinuxeabi-gcc  -O2 -g -fomit-frame-pointer -pipe -msoft-float -fno-common -fno-builtin -Wall   -DEMBED -Dlinux -D__linux__ -Dunix -D__uClinux__  -Wl,-elf2flt -msoft-float -Wl,--allow-multiple-definition conftest.c  >&5
configure:3565: $? = 0
configure:3613: result: yes
configure:3616: checking for C compiler default output file name
configure:3618: result: a.out
configure:3624: checking for suffix of executables
configure:3631: ucfront-gcc arm-uclinuxeabi-gcc  -o conftest -O2 -g -fomit-frame-pointer -pipe -msoft-float -fno-common -fno-builtin -Wall   -DEMBED -Dlinux -D__linux__ -Dunix -D__uClinux__  -Wl,-elf2flt -msoft-float -Wl,--allow-multiple-definition conftest.c  >&5
configure:3635: $? = 0
configure:3657: result: 
configure:3679: checking whether we are cross compiling
configure:3717: result: yes
configure:3722: checking for suffix of object files
configure:3744: ucfront-gcc arm-uclinuxeabi-gcc  -c -O2 -g -fomit-frame-pointer -pipe -msoft-float -fno-common -fno-builtin -Wall   -DEMBED -Dlinux -D__linux__ -Dunix -D__uClinux__  conftest.c >&5
configure:3748: $? = 0
configure:3769: result: o
configure:3773: checking whether we are using the GNU C compiler
configure:3792: ucfront-gcc arm-uclinuxeabi-gcc  -c -O2 -g -fomit-frame-pointer -pipe -msoft-float -fno-common -fno-builtin -Wall   -DEMBED -Dlinux -D__linux__ -Dunix -D__uClinux__  conftest.c >&5
configure:3792: $? = 0
configure:3801: result: yes
configure:3810: checking whether ucfront-gcc arm-uclinuxeabi-gcc  accepts -g
configure:3830: ucfront-gcc arm-uclinuxeabi-gcc  -c -g  conftest.c >&5
configure:3830: $? = 0
configure:3871: result: yes
configure:3888: checking for ucfront-gcc arm-uclinuxeabi-gcc  option to accept ISO C89
configure:3951: ucfront-gcc arm-uclinuxeabi-gcc   -c -O2 -g -fomit-frame-pointer -pipe -msoft-float -fno-common -fno-builtin -Wall   -DEMBED -Dlinux -D__linux__ -Dunix -D__uClinux__  conftest.c >&5
configure:3951: $? = 0
configure:3964: result: none needed
configure:3989: checking whether ucfront-gcc arm-uclinuxeabi-gcc  understands -c and -o together
configure:4011: ucfront-gcc arm-uclinuxeabi-gcc  -c conftest.c -o conftest2.o
configure:4014: $? = 0
configure:4011: ucfront-gcc arm-uclinuxeabi-gcc  -c conftest.c -o conftest2.o
configure:4014: $? = 0
configure:4026: result: yes
configure:4045: checking dependency style of ucfront-gcc arm-uclinuxeabi-gcc 
configure:4156: result: gcc3
configure:4521: checking how to print strings
configure:4548: result: printf
configure:4569: checking for a sed that does not truncate output
configure:4633: result: /bin/sed
configure:4651: checking for grep that handles long lines and -e
configure:4709: result: /bin/grep
configure:4714: checking for egrep
configure:4776: result: /bin/grep -E
configure:4781: checking for fgrep
configure:4843: result: /bin/grep -F
configure:4878: checking for ld used by ucfront-gcc arm-uclinuxeabi-gcc 
configure:4945: result: ucfront-ld arm-uclinuxeabi-ld 
configure:4952: checking if the linker (ucfront-ld arm-uclinuxeabi-ld ) is GNU ld
configure:4967: result: yes
configure:4979: checking for BSD- or MS-compatible name lister (nm)
configure:5033: result: /opt/sgpp-lite-arm-uclinux-bin-2010.09.58/bin/arm-uclinuxeabi-nm -B
configure:5163: checking the name lister (/opt/sgpp-lite-arm-uclinux-bin-2010.09.58/bin/arm-uclinuxeabi-nm -B) interface
configure:5170: ucfront-gcc arm-uclinuxeabi-gcc  -c -O2 -g -fomit-frame-pointer -pipe -msoft-float -fno-common -fno-builtin -Wall   -DEMBED -Dlinux -D__linux__ -Dunix -D__uClinux__  conftest.c >&5
configure:5173: /opt/sgpp-lite-arm-uclinux-bin-2010.09.58/bin/arm-uclinuxeabi-nm -B "conftest.o"
configure:5176: output
00000000 B some_variable
configure:5183: result: BSD nm
configure:5187: checking the maximum length of command line arguments
configure:5318: result: 1572864
configure:5366: checking how to convert i686-pc-linux-gnu file names to arm-unknown-uclinuxeabi format
configure:5406: result: func_convert_file_noop
configure:5413: checking how to convert i686-pc-linux-gnu file names to toolchain format
configure:5433: result: func_convert_file_noop
configure:5440: checking for ucfront-ld arm-uclinuxeabi-ld  option to reload object files
configure:5447: result: -r
configure:5481: checking for arm-uclinuxeabi-objdump
configure:5508: result: objdump
configure:5577: checking how to recognize dependent libraries
configure:5777: result: unknown
configure:5822: checking for arm-uclinuxeabi-dlltool
configure:5849: result: dlltool
configure:5919: checking how to associate runtime and link libraries
configure:5946: result: printf %s\n
configure:5963: checking for arm-uclinuxeabi-ar
configure:5990: result: arm-uclinuxeabi-ar
configure:6071: checking for archiver @FILE support
configure:6088: ucfront-gcc arm-uclinuxeabi-gcc  -c -O2 -g -fomit-frame-pointer -pipe -msoft-float -fno-common -fno-builtin -Wall   -DEMBED -Dlinux -D__linux__ -Dunix -D__uClinux__  conftest.c >&5
configure:6088: $? = 0
configure:6091: arm-uclinuxeabi-ar cru libconftest.a @conftest.lst >&5
configure:6094: $? = 0
configure:6099: arm-uclinuxeabi-ar cru libconftest.a @conftest.lst >&5
arm-uclinuxeabi-ar: conftest.o: No such file or directory
configure:6102: $? = 1
configure:6114: result: @
configure:6132: checking for arm-uclinuxeabi-strip
configure:6159: result: arm-uclinuxeabi-strip
configure:6231: checking for arm-uclinuxeabi-ranlib
configure:6258: result: arm-uclinuxeabi-ranlib
configure:6400: checking command to parse /opt/sgpp-lite-arm-uclinux-bin-2010.09.58/bin/arm-uclinuxeabi-nm -B output from ucfront-gcc arm-uclinuxeabi-gcc  object
configure:6553: ucfront-gcc arm-uclinuxeabi-gcc  -c -O2 -g -fomit-frame-pointer -pipe -msoft-float -fno-common -fno-builtin -Wall   -DEMBED -Dlinux -D__linux__ -Dunix -D__uClinux__  conftest.c >&5
configure:6556: $? = 0
configure:6560: /opt/sgpp-lite-arm-uclinux-bin-2010.09.58/bin/arm-uclinuxeabi-nm -B conftest.o \| sed -n -e 's/^.*[ ]\([ABCDGIRSTW][ABCDGIRSTW]*\)[ ][ ]*\([_A-Za-z][_A-Za-z0-9]*\)$/\1 \2 \2/p' | sed '/ __gnu_lto/d' \> conftest.nm
configure:6563: $? = 0
configure:6629: ucfront-gcc arm-uclinuxeabi-gcc  -o conftest -O2 -g -fomit-frame-pointer -pipe -msoft-float -fno-common -fno-builtin -Wall   -DEMBED -Dlinux -D__linux__ -Dunix -D__uClinux__  -Wl,-elf2flt -msoft-float -Wl,--allow-multiple-definition conftest.c conftstm.o >&5
configure:6632: $? = 0
configure:6670: result: ok
configure:6717: checking for sysroot
configure:6747: result: no
configure:6754: checking for a working dd
configure:6792: result: /bin/dd
configure:6796: checking how to truncate binary pipes
configure:6811: result: /bin/dd bs=4096 count=1
configure:7100: checking for arm-uclinuxeabi-mt
configure:7130: result: no
configure:7140: checking for mt
configure:7170: result: no
configure:7190: checking if : is a manifest tool
configure:7196: : '-?'
configure:7204: result: no
configure:7881: checking how to run the C preprocessor
configure:7912: ucfront-gcc arm-uclinuxeabi-gcc  -E  conftest.c
configure:7912: $? = 0
configure:7926: ucfront-gcc arm-uclinuxeabi-gcc  -E  conftest.c
conftest.c:11:28: fatal error: ac_nonexistent.h: No such file or directory
compilation terminated.
configure:7926: $? = 1
configure: failed program was:
| /* confdefs.h */
| #define PACKAGE_NAME "libmicrohttpd"
| #define PACKAGE_TARNAME "libmicrohttpd"
| #define PACKAGE_VERSION "0.9.15"
| #define PACKAGE_STRING "libmicrohttpd 0.9.15"
| #define PACKAGE_BUGREPORT "libmicrohttpd@gnu.org"
| #define PACKAGE_URL ""
| #define PACKAGE "libmicrohttpd"
| #define VERSION "0.9.15"
| /* end confdefs.h.  */
| #include <ac_nonexistent.h>
configure:7951: result: ucfront-gcc arm-uclinuxeabi-gcc  -E
configure:7971: ucfront-gcc arm-uclinuxeabi-gcc  -E  conftest.c
configure:7971: $? = 0
configure:7985: ucfront-gcc arm-uclinuxeabi-gcc  -E  conftest.c
conftest.c:11:28: fatal error: ac_nonexistent.h: No such file or directory
compilation terminated.
configure:7985: $? = 1
configure: failed program was:
| /* confdefs.h */
| #define PACKAGE_NAME "libmicrohttpd"
| #define PACKAGE_TARNAME "libmicrohttpd"
| #define PACKAGE_VERSION "0.9.15"
| #define PACKAGE_STRING "libmicrohttpd 0.9.15"
| #define PACKAGE_BUGREPORT "libmicrohttpd@gnu.org"
| #define PACKAGE_URL ""
| #define PACKAGE "libmicrohttpd"
| #define VERSION "0.9.15"
| /* end confdefs.h.  */
| #include <ac_nonexistent.h>
configure:8014: checking for ANSI C header files
configure:8034: ucfront-gcc arm-uclinuxeabi-gcc  -c -O2 -g -fomit-frame-pointer -pipe -msoft-float -fno-common -fno-builtin -Wall   -DEMBED -Dlinux -D__linux__ -Dunix -D__uClinux__  conftest.c >&5
configure:8034: $? = 0
configure:8118: result: yes
configure:8131: checking for sys/types.h
configure:8131: ucfront-gcc arm-uclinuxeabi-gcc  -c -O2 -g -fomit-frame-pointer -pipe -msoft-float -fno-common -fno-builtin -Wall   -DEMBED -Dlinux -D__linux__ -Dunix -D__uClinux__  conftest.c >&5
configure:8131: $? = 0
configure:8131: result: yes
configure:8131: checking for sys/stat.h
configure:8131: ucfront-gcc arm-uclinuxeabi-gcc  -c -O2 -g -fomit-frame-pointer -pipe -msoft-float -fno-common -fno-builtin -Wall   -DEMBED -Dlinux -D__linux__ -Dunix -D__uClinux__  conftest.c >&5
configure:8131: $? = 0
configure:8131: result: yes
configure:8131: checking for stdlib.h
configure:8131: ucfront-gcc arm-uclinuxeabi-gcc  -c -O2 -g -fomit-frame-pointer -pipe -msoft-float -fno-common -fno-builtin -Wall   -DEMBED -Dlinux -D__linux__ -Dunix -D__uClinux__  conftest.c >&5
configure:8131: $? = 0
configure:8131: result: yes
configure:8131: checking for string.h
configure:8131: ucfront-gcc arm-uclinuxeabi-gcc  -c -O2 -g -fomit-frame-pointer -pipe -msoft-float -fno-common -fno-builtin -Wall   -DEMBED -Dlinux -D__linux__ -Dunix -D__uClinux__  conftest.c >&5
configure:8131: $? = 0
configure:8131: result: yes
configure:8131: checking for memory.h
configure:8131: ucfront-gcc arm-uclinuxeabi-gcc  -c -O2 -g -fomit-frame-pointer -pipe -msoft-float -fno-common -fno-builtin -Wall   -DEMBED -Dlinux -D__linux__ -Dunix -D__uClinux__  conftest.c >&5
configure:8131: $? = 0
configure:8131: result: yes
configure:8131: checking for strings.h
configure:8131: ucfront-gcc arm-uclinuxeabi-gcc  -c -O2 -g -fomit-frame-pointer -pipe -msoft-float -fno-common -fno-builtin -Wall   -DEMBED -Dlinux -D__linux__ -Dunix -D__uClinux__  conftest.c >&5
configure:8131: $? = 0
configure:8131: result: yes
configure:8131: checking for inttypes.h
configure:8131: ucfront-gcc arm-uclinuxeabi-gcc  -c -O2 -g -fomit-frame-pointer -pipe -msoft-float -fno-common -fno-builtin -Wall   -DEMBED -Dlinux -D__linux__ -Dunix -D__uClinux__  conftest.c >&5
configure:8131: $? = 0
configure:8131: result: yes
configure:8131: checking for stdint.h
configure:8131: ucfront-gcc arm-uclinuxeabi-gcc  -c -O2 -g -fomit-frame-pointer -pipe -msoft-float -fno-common -fno-builtin -Wall   -DEMBED -Dlinux -D__linux__ -Dunix -D__uClinux__  conftest.c >&5
configure:8131: $? = 0
configure:8131: result: yes
configure:8131: checking for unistd.h
configure:8131: ucfront-gcc arm-uclinuxeabi-gcc  -c -O2 -g -fomit-frame-pointer -pipe -msoft-float -fno-common -fno-builtin -Wall   -DEMBED -Dlinux -D__linux__ -Dunix -D__uClinux__  conftest.c >&5
configure:8131: $? = 0
configure:8131: result: yes
configure:8145: checking for dlfcn.h
configure:8145: ucfront-gcc arm-uclinuxeabi-gcc  -c -O2 -g -fomit-frame-pointer -pipe -msoft-float -fno-common -fno-builtin -Wall   -DEMBED -Dlinux -D__linux__ -Dunix -D__uClinux__  conftest.c >&5
configure:8145: $? = 0
configure:8145: result: yes
configure:8399: checking for objdir
configure:8414: result: .libs
configure:8678: checking if ucfront-gcc arm-uclinuxeabi-gcc  supports -fno-rtti -fno-exceptions
configure:8696: ucfront-gcc arm-uclinuxeabi-gcc  -c -O2 -g -fomit-frame-pointer -pipe -msoft-float -fno-common -fno-builtin -Wall   -DEMBED -Dlinux -D__linux__ -Dunix -D__uClinux__  -fno-rtti -fno-exceptions conftest.c >&5
cc1: warning: command line option "-fno-rtti" is valid for C++/ObjC++ but not for C
configure:8700: $? = 0
configure:8713: result: no
configure:9071: checking for ucfront-gcc arm-uclinuxeabi-gcc  option to produce PIC
configure:9078: result: -fPIC -DPIC
configure:9086: checking if ucfront-gcc arm-uclinuxeabi-gcc  PIC flag -fPIC -DPIC works
configure:9104: ucfront-gcc arm-uclinuxeabi-gcc  -c -O2 -g -fomit-frame-pointer -pipe -msoft-float -fno-common -fno-builtin -Wall   -DEMBED -Dlinux -D__linux__ -Dunix -D__uClinux__  -fPIC -DPIC -DPIC conftest.c >&5
configure:9108: $? = 0
configure:9121: result: yes
configure:9150: checking if ucfront-gcc arm-uclinuxeabi-gcc  static flag -static works
configure:9178: result: yes
configure:9193: checking if ucfront-gcc arm-uclinuxeabi-gcc  supports -c -o file.o
configure:9214: ucfront-gcc arm-uclinuxeabi-gcc  -c -O2 -g -fomit-frame-pointer -pipe -msoft-float -fno-common -fno-builtin -Wall   -DEMBED -Dlinux -D__linux__ -Dunix -D__uClinux__  -o out/conftest2.o conftest.c >&5
configure:9218: $? = 0
configure:9240: result: yes
configure:9248: checking if ucfront-gcc arm-uclinuxeabi-gcc  supports -c -o file.o
configure:9295: result: yes
configure:9328: checking whether the ucfront-gcc arm-uclinuxeabi-gcc  linker (ucfront-ld arm-uclinuxeabi-ld ) supports shared libraries
configure:10587: result: yes
configure:10827: checking dynamic linker characteristics
configure:11658: result: no
configure:11780: checking how to hardcode library paths into programs
configure:11805: result: immediate
configure:12353: checking whether stripping libraries is possible
configure:12358: result: yes
configure:12393: checking if libtool supports shared libraries
configure:12395: result: no
configure:12398: checking whether to build shared libraries
configure:12423: result: no
configure:12426: checking whether to build static libraries
configure:12430: result: yes
configure:12467: checking whether byte ordering is bigendian
configure:12482: ucfront-gcc arm-uclinuxeabi-gcc  -c -O2 -g -fomit-frame-pointer -pipe -msoft-float -fno-common -fno-builtin -Wall   -DEMBED -Dlinux -D__linux__ -Dunix -D__uClinux__  conftest.c >&5
conftest.c:24:13: error: expected '=', ',', ';', 'asm' or '__attribute__' before 'a'
configure:12482: $? = 1
configure: failed program was:
| /* confdefs.h */
| #define PACKAGE_NAME "libmicrohttpd"
| #define PACKAGE_TARNAME "libmicrohttpd"
| #define PACKAGE_VERSION "0.9.15"
| #define PACKAGE_STRING "libmicrohttpd 0.9.15"
| #define PACKAGE_BUGREPORT "libmicrohttpd@gnu.org"
| #define PACKAGE_URL ""
| #define PACKAGE "libmicrohttpd"
| #define VERSION "0.9.15"
| #define STDC_HEADERS 1
| #define HAVE_SYS_TYPES_H 1
| #define HAVE_SYS_STAT_H 1
| #define HAVE_STDLIB_H 1
| #define HAVE_STRING_H 1
| #define HAVE_MEMORY_H 1
| #define HAVE_STRINGS_H 1
| #define HAVE_INTTYPES_H 1
| #define HAVE_STDINT_H 1
| #define HAVE_UNISTD_H 1
| #define HAVE_DLFCN_H 1
| #define LT_OBJDIR ".libs/"
| /* end confdefs.h.  */
| #ifndef __APPLE_CC__
| 	       not a universal capable compiler
| 	     #endif
| 	     typedef int dummy;
| 
configure:12527: ucfront-gcc arm-uclinuxeabi-gcc  -c -O2 -g -fomit-frame-pointer -pipe -msoft-float -fno-common -fno-builtin -Wall   -DEMBED -Dlinux -D__linux__ -Dunix -D__uClinux__  conftest.c >&5
configure:12527: $? = 0
configure:12545: ucfront-gcc arm-uclinuxeabi-gcc  -c -O2 -g -fomit-frame-pointer -pipe -msoft-float -fno-common -fno-builtin -Wall   -DEMBED -Dlinux -D__linux__ -Dunix -D__uClinux__  conftest.c >&5
conftest.c: In function 'main':
conftest.c:30:4: error: 'not' undeclared (first use in this function)
conftest.c:30:4: note: each undeclared identifier is reported only once for each function it appears in
conftest.c:30:8: error: expected ';' before 'big'
configure:12545: $? = 1
configure: failed program was:
| /* confdefs.h */
| #define PACKAGE_NAME "libmicrohttpd"
| #define PACKAGE_TARNAME "libmicrohttpd"
| #define PACKAGE_VERSION "0.9.15"
| #define PACKAGE_STRING "libmicrohttpd 0.9.15"
| #define PACKAGE_BUGREPORT "libmicrohttpd@gnu.org"
| #define PACKAGE_URL ""
| #define PACKAGE "libmicrohttpd"
| #define VERSION "0.9.15"
| #define STDC_HEADERS 1
| #define HAVE_SYS_TYPES_H 1
| #define HAVE_SYS_STAT_H 1
| #define HAVE_STDLIB_H 1
| #define HAVE_STRING_H 1
| #define HAVE_MEMORY_H 1
| #define HAVE_STRINGS_H 1
| #define HAVE_INTTYPES_H 1
| #define HAVE_STDINT_H 1
| #define HAVE_UNISTD_H 1
| #define HAVE_DLFCN_H 1
| #define LT_OBJDIR ".libs/"
| /* end confdefs.h.  */
| #include <sys/types.h>
| 		#include <sys/param.h>
| 
| int
| main ()
| {
| #if BYTE_ORDER != BIG_ENDIAN
| 		 not big endian
| 		#endif
| 
|   ;
|   return 0;
| }
configure:12673: result: no
configure:12693: checking for curl
configure:12709: found /usr/bin/curl
configure:12721: result: true
configure:13144: result: Unrecognised OS uclinuxeabi
configure:13191: ucfront-gcc arm-uclinuxeabi-gcc  -o conftest -fno-strict-aliasing -O2 -g -fomit-frame-pointer -pipe -msoft-float -fno-common -fno-builtin -Wall   -DEMBED -Dlinux -D__linux__ -Dunix -D__uClinux__  -Wl,-elf2flt -msoft-float -Wl,--allow-multiple-definition conftest.c  >&5
/tmp/ccagCF3R.o: In function `main':
/home/coffeeholic/reverse_engineering/pollin_ip_cam/rhuitl-uclinux/lib/libmicrohttpd/conftest.c:31: undefined reference to `pthread_create'
collect2: ld returned 1 exit status
configure:13191: $? = 1
configure: failed program was:
| /* confdefs.h */
| #define PACKAGE_NAME "libmicrohttpd"
| #define PACKAGE_TARNAME "libmicrohttpd"
| #define PACKAGE_VERSION "0.9.15"
| #define PACKAGE_STRING "libmicrohttpd 0.9.15"
| #define PACKAGE_BUGREPORT "libmicrohttpd@gnu.org"
| #define PACKAGE_URL ""
| #define PACKAGE "libmicrohttpd"
| #define VERSION "0.9.15"
| #define STDC_HEADERS 1
| #define HAVE_SYS_TYPES_H 1
| #define HAVE_SYS_STAT_H 1
| #define HAVE_STDLIB_H 1
| #define HAVE_STRING_H 1
| #define HAVE_MEMORY_H 1
| #define HAVE_STRINGS_H 1
| #define HAVE_INTTYPES_H 1
| #define HAVE_STDINT_H 1
| #define HAVE_UNISTD_H 1
| #define HAVE_DLFCN_H 1
| #define LT_OBJDIR ".libs/"
| #define OTHEROS 1
| /* end confdefs.h.  */
| 
|         #include <pthread.h>
| 
| int
| main ()
| {
| 
|         pthread_create(0,0,0,0);
| 
|   ;
|   return 0;
| }
configure:13203: checking for pthread_create in -lpthread
configure:13228: ucfront-gcc arm-uclinuxeabi-gcc  -o conftest -fno-strict-aliasing -O2 -g -fomit-frame-pointer -pipe -msoft-float -fno-common -fno-builtin -Wall   -DEMBED -Dlinux -D__linux__ -Dunix -D__uClinux__  -Wl,-elf2flt -msoft-float -Wl,--allow-multiple-definition conftest.c -lpthread   >&5
configure:13228: $? = 0
configure:13237: result: yes
configure:13369: checking fcntl.h usability
configure:13369: ucfront-gcc arm-uclinuxeabi-gcc  -c -fno-strict-aliasing -O2 -g -fomit-frame-pointer -pipe -msoft-float -fno-common -fno-builtin -Wall   -DEMBED -Dlinux -D__linux__ -Dunix -D__uClinux__  conftest.c >&5
configure:13369: $? = 0
configure:13369: result: yes
configure:13369: checking fcntl.h presence
configure:13369: ucfront-gcc arm-uclinuxeabi-gcc  -E  conftest.c
configure:13369: $? = 0
configure:13369: result: yes
configure:13369: checking for fcntl.h
configure:13369: result: yes
configure:13369: checking math.h usability
configure:13369: ucfront-gcc arm-uclinuxeabi-gcc  -c -fno-strict-aliasing -O2 -g -fomit-frame-pointer -pipe -msoft-float -fno-common -fno-builtin -Wall   -DEMBED -Dlinux -D__linux__ -Dunix -D__uClinux__  conftest.c >&5
configure:13369: $? = 0
configure:13369: result: yes
configure:13369: checking math.h presence
configure:13369: ucfront-gcc arm-uclinuxeabi-gcc  -E  conftest.c
configure:13369: $? = 0
configure:13369: result: yes
configure:13369: checking for math.h
configure:13369: result: yes
configure:13369: checking errno.h usability
configure:13369: ucfront-gcc arm-uclinuxeabi-gcc  -c -fno-strict-aliasing -O2 -g -fomit-frame-pointer -pipe -msoft-float -fno-common -fno-builtin -Wall   -DEMBED -Dlinux -D__linux__ -Dunix -D__uClinux__  conftest.c >&5
configure:13369: $? = 0
configure:13369: result: yes
configure:13369: checking errno.h presence
configure:13369: ucfront-gcc arm-uclinuxeabi-gcc  -E  conftest.c
configure:13369: $? = 0
configure:13369: result: yes
configure:13369: checking for errno.h
configure:13369: result: yes
configure:13369: checking limits.h usability
configure:13369: ucfront-gcc arm-uclinuxeabi-gcc  -c -fno-strict-aliasing -O2 -g -fomit-frame-pointer -pipe -msoft-float -fno-common -fno-builtin -Wall   -DEMBED -Dlinux -D__linux__ -Dunix -D__uClinux__  conftest.c >&5
configure:13369: $? = 0
configure:13369: result: yes
configure:13369: checking limits.h presence
configure:13369: ucfront-gcc arm-uclinuxeabi-gcc  -E  conftest.c
configure:13369: $? = 0
configure:13369: result: yes
configure:13369: checking for limits.h
configure:13369: result: yes
configure:13369: checking stdio.h usability
configure:13369: ucfront-gcc arm-uclinuxeabi-gcc  -c -fno-strict-aliasing -O2 -g -fomit-frame-pointer -pipe -msoft-float -fno-common -fno-builtin -Wall   -DEMBED -Dlinux -D__linux__ -Dunix -D__uClinux__  conftest.c >&5
configure:13369: $? = 0
configure:13369: result: yes
configure:13369: checking stdio.h presence
configure:13369: ucfront-gcc arm-uclinuxeabi-gcc  -E  conftest.c
configure:13369: $? = 0
configure:13369: result: yes
configure:13369: checking for stdio.h
configure:13369: result: yes
configure:13369: checking locale.h usability
configure:13369: ucfront-gcc arm-uclinuxeabi-gcc  -c -fno-strict-aliasing -O2 -g -fomit-frame-pointer -pipe -msoft-float -fno-common -fno-builtin -Wall   -DEMBED -Dlinux -D__linux__ -Dunix -D__uClinux__  conftest.c >&5
configure:13369: $? = 0
configure:13369: result: yes
configure:13369: checking locale.h presence
configure:13369: ucfront-gcc arm-uclinuxeabi-gcc  -E  conftest.c
configure:13369: $? = 0
configure:13369: result: yes
configure:13369: checking for locale.h
configure:13369: result: yes
configure:13369: checking for sys/stat.h
configure:13369: result: yes
configure:13369: checking for sys/types.h
configure:13369: result: yes
configure:13369: checking pthread.h usability
configure:13369: ucfront-gcc arm-uclinuxeabi-gcc  -c -fno-strict-aliasing -O2 -g -fomit-frame-pointer -pipe -msoft-float -fno-common -fno-builtin -Wall   -DEMBED -Dlinux -D__linux__ -Dunix -D__uClinux__  conftest.c >&5
configure:13369: $? = 0
configure:13369: result: yes
configure:13369: checking pthread.h presence
configure:13369: ucfront-gcc arm-uclinuxeabi-gcc  -E  conftest.c
configure:13369: $? = 0
configure:13369: result: yes
configure:13369: checking for pthread.h
configure:13369: result: yes
configure:13386: checking for sys/types.h
configure:13386: result: yes
configure:13386: checking sys/time.h usability
configure:13386: ucfront-gcc arm-uclinuxeabi-gcc  -c -fno-strict-aliasing -O2 -g -fomit-frame-pointer -pipe -msoft-float -fno-common -fno-builtin -Wall   -DEMBED -Dlinux -D__linux__ -Dunix -D__uClinux__  conftest.c >&5
configure:13386: $? = 0
configure:13386: result: yes
configure:13386: checking sys/time.h presence
configure:13386: ucfront-gcc arm-uclinuxeabi-gcc  -E  conftest.c
configure:13386: $? = 0
configure:13386: result: yes
configure:13386: checking for sys/time.h
configure:13386: result: yes
configure:13386: checking sys/msg.h usability
configure:13386: ucfront-gcc arm-uclinuxeabi-gcc  -c -fno-strict-aliasing -O2 -g -fomit-frame-pointer -pipe -msoft-float -fno-common -fno-builtin -Wall   -DEMBED -Dlinux -D__linux__ -Dunix -D__uClinux__  conftest.c >&5
configure:13386: $? = 0
configure:13386: result: yes
configure:13386: checking sys/msg.h presence
configure:13386: ucfront-gcc arm-uclinuxeabi-gcc  -E  conftest.c
configure:13386: $? = 0
configure:13386: result: yes
configure:13386: checking for sys/msg.h
configure:13386: result: yes
configure:13386: checking netdb.h usability
configure:13386: ucfront-gcc arm-uclinuxeabi-gcc  -c -fno-strict-aliasing -O2 -g -fomit-frame-pointer -pipe -msoft-float -fno-common -fno-builtin -Wall   -DEMBED -Dlinux -D__linux__ -Dunix -D__uClinux__  conftest.c >&5
configure:13386: $? = 0
configure:13386: result: yes
configure:13386: checking netdb.h presence
configure:13386: ucfront-gcc arm-uclinuxeabi-gcc  -E  conftest.c
configure:13386: $? = 0
configure:13386: result: yes
configure:13386: checking for netdb.h
configure:13386: result: yes
configure:13386: checking netinet/in.h usability
configure:13386: ucfront-gcc arm-uclinuxeabi-gcc  -c -fno-strict-aliasing -O2 -g -fomit-frame-pointer -pipe -msoft-float -fno-common -fno-builtin -Wall   -DEMBED -Dlinux -D__linux__ -Dunix -D__uClinux__  conftest.c >&5
configure:13386: $? = 0
configure:13386: result: yes
configure:13386: checking netinet/in.h presence
configure:13386: ucfront-gcc arm-uclinuxeabi-gcc  -E  conftest.c
configure:13386: $? = 0
configure:13386: result: yes
configure:13386: checking for netinet/in.h
configure:13386: result: yes
configure:13386: checking netinet/tcp.h usability
configure:13386: ucfront-gcc arm-uclinuxeabi-gcc  -c -fno-strict-aliasing -O2 -g -fomit-frame-pointer -pipe -msoft-float -fno-common -fno-builtin -Wall   -DEMBED -Dlinux -D__linux__ -Dunix -D__uClinux__  conftest.c >&5
configure:13386: $? = 0
configure:13386: result: yes
configure:13386: checking netinet/tcp.h presence
configure:13386: ucfront-gcc arm-uclinuxeabi-gcc  -E  conftest.c
configure:13386: $? = 0
configure:13386: result: yes
configure:13386: checking for netinet/tcp.h
configure:13386: result: yes
configure:13386: checking time.h usability
configure:13386: ucfront-gcc arm-uclinuxeabi-gcc  -c -fno-strict-aliasing -O2 -g -fomit-frame-pointer -pipe -msoft-float -fno-common -fno-builtin -Wall   -DEMBED -Dlinux -D__linux__ -Dunix -D__uClinux__  conftest.c >&5
configure:13386: $? = 0
configure:13386: result: yes
configure:13386: checking time.h presence
configure:13386: ucfront-gcc arm-uclinuxeabi-gcc  -E  conftest.c
configure:13386: $? = 0
configure:13386: result: yes
configure:13386: checking for time.h
configure:13386: result: yes
configure:13386: checking sys/socket.h usability
configure:13386: ucfront-gcc arm-uclinuxeabi-gcc  -c -fno-strict-aliasing -O2 -g -fomit-frame-pointer -pipe -msoft-float -fno-common -fno-builtin -Wall   -DEMBED -Dlinux -D__linux__ -Dunix -D__uClinux__  conftest.c >&5
configure:13386: $? = 0
configure:13386: result: yes
configure:13386: checking sys/socket.h presence
configure:13386: ucfront-gcc arm-uclinuxeabi-gcc  -E  conftest.c
configure:13386: $? = 0
configure:13386: result: yes
configure:13386: checking for sys/socket.h
configure:13386: result: yes
configure:13386: checking sys/mman.h usability
configure:13386: ucfront-gcc arm-uclinuxeabi-gcc  -c -fno-strict-aliasing -O2 -g -fomit-frame-pointer -pipe -msoft-float -fno-common -fno-builtin -Wall   -DEMBED -Dlinux -D__linux__ -Dunix -D__uClinux__  conftest.c >&5
configure:13386: $? = 0
configure:13386: result: yes
configure:13386: checking sys/mman.h presence
configure:13386: ucfront-gcc arm-uclinuxeabi-gcc  -E  conftest.c
configure:13386: $? = 0
configure:13386: result: yes
configure:13386: checking for sys/mman.h
configure:13386: result: yes
configure:13386: checking arpa/inet.h usability
configure:13386: ucfront-gcc arm-uclinuxeabi-gcc  -c -fno-strict-aliasing -O2 -g -fomit-frame-pointer -pipe -msoft-float -fno-common -fno-builtin -Wall   -DEMBED -Dlinux -D__linux__ -Dunix -D__uClinux__  conftest.c >&5
configure:13386: $? = 0
configure:13386: result: yes
configure:13386: checking arpa/inet.h presence
configure:13386: ucfront-gcc arm-uclinuxeabi-gcc  -E  conftest.c
configure:13386: $? = 0
configure:13386: result: yes
configure:13386: checking for arpa/inet.h
configure:13386: result: yes
configure:13386: checking sys/select.h usability
configure:13386: ucfront-gcc arm-uclinuxeabi-gcc  -c -fno-strict-aliasing -O2 -g -fomit-frame-pointer -pipe -msoft-float -fno-common -fno-builtin -Wall   -DEMBED -Dlinux -D__linux__ -Dunix -D__uClinux__  conftest.c >&5
configure:13386: $? = 0
configure:13386: result: yes
configure:13386: checking sys/select.h presence
configure:13386: ucfront-gcc arm-uclinuxeabi-gcc  -E  conftest.c
configure:13386: $? = 0
configure:13386: result: yes
configure:13386: checking for sys/select.h
configure:13386: result: yes
configure:13386: checking poll.h usability
configure:13386: ucfront-gcc arm-uclinuxeabi-gcc  -c -fno-strict-aliasing -O2 -g -fomit-frame-pointer -pipe -msoft-float -fno-common -fno-builtin -Wall   -DEMBED -Dlinux -D__linux__ -Dunix -D__uClinux__  conftest.c >&5
configure:13386: $? = 0
configure:13386: result: yes
configure:13386: checking poll.h presence
configure:13386: ucfront-gcc arm-uclinuxeabi-gcc  -E  conftest.c
configure:13386: $? = 0
configure:13386: result: yes
configure:13386: checking for poll.h
configure:13386: result: yes
configure:13386: checking winsock2.h usability
configure:13386: ucfront-gcc arm-uclinuxeabi-gcc  -c -fno-strict-aliasing -O2 -g -fomit-frame-pointer -pipe -msoft-float -fno-common -fno-builtin -Wall   -DEMBED -Dlinux -D__linux__ -Dunix -D__uClinux__  conftest.c >&5
conftest.c:78:22: fatal error: winsock2.h: No such file or directory
compilation terminated.
configure:13386: $? = 1
configure: failed program was:
| /* confdefs.h */
| #define PACKAGE_NAME "libmicrohttpd"
| #define PACKAGE_TARNAME "libmicrohttpd"
| #define PACKAGE_VERSION "0.9.15"
| #define PACKAGE_STRING "libmicrohttpd 0.9.15"
| #define PACKAGE_BUGREPORT "libmicrohttpd@gnu.org"
| #define PACKAGE_URL ""
| #define PACKAGE "libmicrohttpd"
| #define VERSION "0.9.15"
| #define STDC_HEADERS 1
| #define HAVE_SYS_TYPES_H 1
| #define HAVE_SYS_STAT_H 1
| #define HAVE_STDLIB_H 1
| #define HAVE_STRING_H 1
| #define HAVE_MEMORY_H 1
| #define HAVE_STRINGS_H 1
| #define HAVE_INTTYPES_H 1
| #define HAVE_STDINT_H 1
| #define HAVE_UNISTD_H 1
| #define HAVE_DLFCN_H 1
| #define LT_OBJDIR ".libs/"
| #define OTHEROS 1
| #define HAVE_FCNTL_H 1
| #define HAVE_MATH_H 1
| #define HAVE_ERRNO_H 1
| #define HAVE_LIMITS_H 1
| #define HAVE_STDIO_H 1
| #define HAVE_LOCALE_H 1
| #define HAVE_SYS_STAT_H 1
| #define HAVE_SYS_TYPES_H 1
| #define HAVE_PTHREAD_H 1
| #define HAVE_SYS_TYPES_H 1
| #define HAVE_SYS_TIME_H 1
| #define HAVE_SYS_MSG_H 1
| #define HAVE_NETDB_H 1
| #define HAVE_NETINET_IN_H 1
| #define HAVE_NETINET_TCP_H 1
| #define HAVE_TIME_H 1
| #define HAVE_SYS_SOCKET_H 1
| #define HAVE_SYS_MMAN_H 1
| #define HAVE_ARPA_INET_H 1
| #define HAVE_SYS_SELECT_H 1
| #define HAVE_POLL_H 1
| /* end confdefs.h.  */
| #include <stdio.h>
| #ifdef HAVE_SYS_TYPES_H
| # include <sys/types.h>
| #endif
| #ifdef HAVE_SYS_STAT_H
| # include <sys/stat.h>
| #endif
| #ifdef STDC_HEADERS
| # include <stdlib.h>
| # include <stddef.h>
| #else
| # ifdef HAVE_STDLIB_H
| #  include <stdlib.h>
| # endif
| #endif
| #ifdef HAVE_STRING_H
| # if !defined STDC_HEADERS && defined HAVE_MEMORY_H
| #  include <memory.h>
| # endif
| # include <string.h>
| #endif
| #ifdef HAVE_STRINGS_H
| # include <strings.h>
| #endif
| #ifdef HAVE_INTTYPES_H
| # include <inttypes.h>
| #endif
| #ifdef HAVE_STDINT_H
| # include <stdint.h>
| #endif
| #ifdef HAVE_UNISTD_H
| # include <unistd.h>
| #endif
| #include <winsock2.h>
configure:13386: result: no
configure:13386: checking winsock2.h presence
configure:13386: ucfront-gcc arm-uclinuxeabi-gcc  -E  conftest.c
conftest.c:45:22: fatal error: winsock2.h: No such file or directory
compilation terminated.
configure:13386: $? = 1
configure: failed program was:
| /* confdefs.h */
| #define PACKAGE_NAME "libmicrohttpd"
| #define PACKAGE_TARNAME "libmicrohttpd"
| #define PACKAGE_VERSION "0.9.15"
| #define PACKAGE_STRING "libmicrohttpd 0.9.15"
| #define PACKAGE_BUGREPORT "libmicrohttpd@gnu.org"
| #define PACKAGE_URL ""
| #define PACKAGE "libmicrohttpd"
| #define VERSION "0.9.15"
| #define STDC_HEADERS 1
| #define HAVE_SYS_TYPES_H 1
| #define HAVE_SYS_STAT_H 1
| #define HAVE_STDLIB_H 1
| #define HAVE_STRING_H 1
| #define HAVE_MEMORY_H 1
| #define HAVE_STRINGS_H 1
| #define HAVE_INTTYPES_H 1
| #define HAVE_STDINT_H 1
| #define HAVE_UNISTD_H 1
| #define HAVE_DLFCN_H 1
| #define LT_OBJDIR ".libs/"
| #define OTHEROS 1
| #define HAVE_FCNTL_H 1
| #define HAVE_MATH_H 1
| #define HAVE_ERRNO_H 1
| #define HAVE_LIMITS_H 1
| #define HAVE_STDIO_H 1
| #define HAVE_LOCALE_H 1
| #define HAVE_SYS_STAT_H 1
| #define HAVE_SYS_TYPES_H 1
| #define HAVE_PTHREAD_H 1
| #define HAVE_SYS_TYPES_H 1
| #define HAVE_SYS_TIME_H 1
| #define HAVE_SYS_MSG_H 1
| #define HAVE_NETDB_H 1
| #define HAVE_NETINET_IN_H 1
| #define HAVE_NETINET_TCP_H 1
| #define HAVE_TIME_H 1
| #define HAVE_SYS_SOCKET_H 1
| #define HAVE_SYS_MMAN_H 1
| #define HAVE_ARPA_INET_H 1
| #define HAVE_SYS_SELECT_H 1
| #define HAVE_POLL_H 1
| /* end confdefs.h.  */
| #include <winsock2.h>
configure:13386: result: no
configure:13386: checking for winsock2.h
configure:13386: result: no
configure:13386: checking ws2tcpip.h usability
configure:13386: ucfront-gcc arm-uclinuxeabi-gcc  -c -fno-strict-aliasing -O2 -g -fomit-frame-pointer -pipe -msoft-float -fno-common -fno-builtin -Wall   -DEMBED -Dlinux -D__linux__ -Dunix -D__uClinux__  conftest.c >&5
conftest.c:78:22: fatal error: ws2tcpip.h: No such file or directory
compilation terminated.
configure:13386: $? = 1
configure: failed program was:
| /* confdefs.h */
| #define PACKAGE_NAME "libmicrohttpd"
| #define PACKAGE_TARNAME "libmicrohttpd"
| #define PACKAGE_VERSION "0.9.15"
| #define PACKAGE_STRING "libmicrohttpd 0.9.15"
| #define PACKAGE_BUGREPORT "libmicrohttpd@gnu.org"
| #define PACKAGE_URL ""
| #define PACKAGE "libmicrohttpd"
| #define VERSION "0.9.15"
| #define STDC_HEADERS 1
| #define HAVE_SYS_TYPES_H 1
| #define HAVE_SYS_STAT_H 1
| #define HAVE_STDLIB_H 1
| #define HAVE_STRING_H 1
| #define HAVE_MEMORY_H 1
| #define HAVE_STRINGS_H 1
| #define HAVE_INTTYPES_H 1
| #define HAVE_STDINT_H 1
| #define HAVE_UNISTD_H 1
| #define HAVE_DLFCN_H 1
| #define LT_OBJDIR ".libs/"
| #define OTHEROS 1
| #define HAVE_FCNTL_H 1
| #define HAVE_MATH_H 1
| #define HAVE_ERRNO_H 1
| #define HAVE_LIMITS_H 1
| #define HAVE_STDIO_H 1
| #define HAVE_LOCALE_H 1
| #define HAVE_SYS_STAT_H 1
| #define HAVE_SYS_TYPES_H 1
| #define HAVE_PTHREAD_H 1
| #define HAVE_SYS_TYPES_H 1
| #define HAVE_SYS_TIME_H 1
| #define HAVE_SYS_MSG_H 1
| #define HAVE_NETDB_H 1
| #define HAVE_NETINET_IN_H 1
| #define HAVE_NETINET_TCP_H 1
| #define HAVE_TIME_H 1
| #define HAVE_SYS_SOCKET_H 1
| #define HAVE_SYS_MMAN_H 1
| #define HAVE_ARPA_INET_H 1
| #define HAVE_SYS_SELECT_H 1
| #define HAVE_POLL_H 1
| /* end confdefs.h.  */
| #include <stdio.h>
| #ifdef HAVE_SYS_TYPES_H
| # include <sys/types.h>
| #endif
| #ifdef HAVE_SYS_STAT_H
| # include <sys/stat.h>
| #endif
| #ifdef STDC_HEADERS
| # include <stdlib.h>
| # include <stddef.h>
| #else
| # ifdef HAVE_STDLIB_H
| #  include <stdlib.h>
| # endif
| #endif
| #ifdef HAVE_STRING_H
| # if !defined STDC_HEADERS && defined HAVE_MEMORY_H
| #  include <memory.h>
| # endif
| # include <string.h>
| #endif
| #ifdef HAVE_STRINGS_H
| # include <strings.h>
| #endif
| #ifdef HAVE_INTTYPES_H
| # include <inttypes.h>
| #endif
| #ifdef HAVE_STDINT_H
| # include <stdint.h>
| #endif
| #ifdef HAVE_UNISTD_H
| # include <unistd.h>
| #endif
| #include <ws2tcpip.h>
configure:13386: result: no
configure:13386: checking ws2tcpip.h presence
configure:13386: ucfront-gcc arm-uclinuxeabi-gcc  -E  conftest.c
conftest.c:45:22: fatal error: ws2tcpip.h: No such file or directory
compilation terminated.
configure:13386: $? = 1
configure: failed program was:
| /* confdefs.h */
| #define PACKAGE_NAME "libmicrohttpd"
| #define PACKAGE_TARNAME "libmicrohttpd"
| #define PACKAGE_VERSION "0.9.15"
| #define PACKAGE_STRING "libmicrohttpd 0.9.15"
| #define PACKAGE_BUGREPORT "libmicrohttpd@gnu.org"
| #define PACKAGE_URL ""
| #define PACKAGE "libmicrohttpd"
| #define VERSION "0.9.15"
| #define STDC_HEADERS 1
| #define HAVE_SYS_TYPES_H 1
| #define HAVE_SYS_STAT_H 1
| #define HAVE_STDLIB_H 1
| #define HAVE_STRING_H 1
| #define HAVE_MEMORY_H 1
| #define HAVE_STRINGS_H 1
| #define HAVE_INTTYPES_H 1
| #define HAVE_STDINT_H 1
| #define HAVE_UNISTD_H 1
| #define HAVE_DLFCN_H 1
| #define LT_OBJDIR ".libs/"
| #define OTHEROS 1
| #define HAVE_FCNTL_H 1
| #define HAVE_MATH_H 1
| #define HAVE_ERRNO_H 1
| #define HAVE_LIMITS_H 1
| #define HAVE_STDIO_H 1
| #define HAVE_LOCALE_H 1
| #define HAVE_SYS_STAT_H 1
| #define HAVE_SYS_TYPES_H 1
| #define HAVE_PTHREAD_H 1
| #define HAVE_SYS_TYPES_H 1
| #define HAVE_SYS_TIME_H 1
| #define HAVE_SYS_MSG_H 1
| #define HAVE_NETDB_H 1
| #define HAVE_NETINET_IN_H 1
| #define HAVE_NETINET_TCP_H 1
| #define HAVE_TIME_H 1
| #define HAVE_SYS_SOCKET_H 1
| #define HAVE_SYS_MMAN_H 1
| #define HAVE_ARPA_INET_H 1
| #define HAVE_SYS_SELECT_H 1
| #define HAVE_POLL_H 1
| /* end confdefs.h.  */
| #include <ws2tcpip.h>
configure:13386: result: no
configure:13386: checking for ws2tcpip.h
configure:13386: result: no
configure:13400: checking plibc.h usability
configure:13400: ucfront-gcc arm-uclinuxeabi-gcc  -c -fno-strict-aliasing -O2 -g -fomit-frame-pointer -pipe -msoft-float -fno-common -fno-builtin -Wall   -DEMBED -Dlinux -D__linux__ -Dunix -D__uClinux__  conftest.c >&5
conftest.c:78:19: fatal error: plibc.h: No such file or directory
compilation terminated.
configure:13400: $? = 1
configure: failed program was:
| /* confdefs.h */
| #define PACKAGE_NAME "libmicrohttpd"
| #define PACKAGE_TARNAME "libmicrohttpd"
| #define PACKAGE_VERSION "0.9.15"
| #define PACKAGE_STRING "libmicrohttpd 0.9.15"
| #define PACKAGE_BUGREPORT "libmicrohttpd@gnu.org"
| #define PACKAGE_URL ""
| #define PACKAGE "libmicrohttpd"
| #define VERSION "0.9.15"
| #define STDC_HEADERS 1
| #define HAVE_SYS_TYPES_H 1
| #define HAVE_SYS_STAT_H 1
| #define HAVE_STDLIB_H 1
| #define HAVE_STRING_H 1
| #define HAVE_MEMORY_H 1
| #define HAVE_STRINGS_H 1
| #define HAVE_INTTYPES_H 1
| #define HAVE_STDINT_H 1
| #define HAVE_UNISTD_H 1
| #define HAVE_DLFCN_H 1
| #define LT_OBJDIR ".libs/"
| #define OTHEROS 1
| #define HAVE_FCNTL_H 1
| #define HAVE_MATH_H 1
| #define HAVE_ERRNO_H 1
| #define HAVE_LIMITS_H 1
| #define HAVE_STDIO_H 1
| #define HAVE_LOCALE_H 1
| #define HAVE_SYS_STAT_H 1
| #define HAVE_SYS_TYPES_H 1
| #define HAVE_PTHREAD_H 1
| #define HAVE_SYS_TYPES_H 1
| #define HAVE_SYS_TIME_H 1
| #define HAVE_SYS_MSG_H 1
| #define HAVE_NETDB_H 1
| #define HAVE_NETINET_IN_H 1
| #define HAVE_NETINET_TCP_H 1
| #define HAVE_TIME_H 1
| #define HAVE_SYS_SOCKET_H 1
| #define HAVE_SYS_MMAN_H 1
| #define HAVE_ARPA_INET_H 1
| #define HAVE_SYS_SELECT_H 1
| #define HAVE_POLL_H 1
| /* end confdefs.h.  */
| #include <stdio.h>
| #ifdef HAVE_SYS_TYPES_H
| # include <sys/types.h>
| #endif
| #ifdef HAVE_SYS_STAT_H
| # include <sys/stat.h>
| #endif
| #ifdef STDC_HEADERS
| # include <stdlib.h>
| # include <stddef.h>
| #else
| # ifdef HAVE_STDLIB_H
| #  include <stdlib.h>
| # endif
| #endif
| #ifdef HAVE_STRING_H
| # if !defined STDC_HEADERS && defined HAVE_MEMORY_H
| #  include <memory.h>
| # endif
| # include <string.h>
| #endif
| #ifdef HAVE_STRINGS_H
| # include <strings.h>
| #endif
| #ifdef HAVE_INTTYPES_H
| # include <inttypes.h>
| #endif
| #ifdef HAVE_STDINT_H
| # include <stdint.h>
| #endif
| #ifdef HAVE_UNISTD_H
| # include <unistd.h>
| #endif
| #include <plibc.h>
configure:13400: result: no
configure:13400: checking plibc.h presence
configure:13400: ucfront-gcc arm-uclinuxeabi-gcc  -E  conftest.c
conftest.c:45:19: fatal error: plibc.h: No such file or directory
compilation terminated.
configure:13400: $? = 1
configure: failed program was:
| /* confdefs.h */
| #define PACKAGE_NAME "libmicrohttpd"
| #define PACKAGE_TARNAME "libmicrohttpd"
| #define PACKAGE_VERSION "0.9.15"
| #define PACKAGE_STRING "libmicrohttpd 0.9.15"
| #define PACKAGE_BUGREPORT "libmicrohttpd@gnu.org"
| #define PACKAGE_URL ""
| #define PACKAGE "libmicrohttpd"
| #define VERSION "0.9.15"
| #define STDC_HEADERS 1
| #define HAVE_SYS_TYPES_H 1
| #define HAVE_SYS_STAT_H 1
| #define HAVE_STDLIB_H 1
| #define HAVE_STRING_H 1
| #define HAVE_MEMORY_H 1
| #define HAVE_STRINGS_H 1
| #define HAVE_INTTYPES_H 1
| #define HAVE_STDINT_H 1
| #define HAVE_UNISTD_H 1
| #define HAVE_DLFCN_H 1
| #define LT_OBJDIR ".libs/"
| #define OTHEROS 1
| #define HAVE_FCNTL_H 1
| #define HAVE_MATH_H 1
| #define HAVE_ERRNO_H 1
| #define HAVE_LIMITS_H 1
| #define HAVE_STDIO_H 1
| #define HAVE_LOCALE_H 1
| #define HAVE_SYS_STAT_H 1
| #define HAVE_SYS_TYPES_H 1
| #define HAVE_PTHREAD_H 1
| #define HAVE_SYS_TYPES_H 1
| #define HAVE_SYS_TIME_H 1
| #define HAVE_SYS_MSG_H 1
| #define HAVE_NETDB_H 1
| #define HAVE_NETINET_IN_H 1
| #define HAVE_NETINET_TCP_H 1
| #define HAVE_TIME_H 1
| #define HAVE_SYS_SOCKET_H 1
| #define HAVE_SYS_MMAN_H 1
| #define HAVE_ARPA_INET_H 1
| #define HAVE_SYS_SELECT_H 1
| #define HAVE_POLL_H 1
| /* end confdefs.h.  */
| #include <plibc.h>
configure:13400: result: no
configure:13400: checking for plibc.h
configure:13400: result: no
configure:13423: checking for memmem
configure:13423: ucfront-gcc arm-uclinuxeabi-gcc  -o conftest -fno-strict-aliasing -O2 -g -fomit-frame-pointer -pipe -msoft-float -fno-common -fno-builtin -Wall   -DEMBED -Dlinux -D__linux__ -Dunix -D__uClinux__  -Wl,-elf2flt -msoft-float -Wl,--allow-multiple-definition conftest.c -lpthread  >&5
configure:13423: $? = 0
configure:13423: result: yes
configure:13434: checking for IPv6
configure:13466: ucfront-gcc arm-uclinuxeabi-gcc  -c -fno-strict-aliasing -O2 -g -fomit-frame-pointer -pipe -msoft-float -fno-common -fno-builtin -Wall   -DEMBED -Dlinux -D__linux__ -Dunix -D__uClinux__  conftest.c >&5
configure:13466: $? = 0
configure:13478: result: yes
configure:13482: checking whether TCP_CORK is declared
configure:13482: ucfront-gcc arm-uclinuxeabi-gcc  -c -fno-strict-aliasing -O2 -g -fomit-frame-pointer -pipe -msoft-float -fno-common -fno-builtin -Wall   -DEMBED -Dlinux -D__linux__ -Dunix -D__uClinux__  conftest.c >&5
configure:13482: $? = 0
configure:13482: result: yes
configure:13496: checking whether TCP_NOPUSH is declared
configure:13496: ucfront-gcc arm-uclinuxeabi-gcc  -c -fno-strict-aliasing -O2 -g -fomit-frame-pointer -pipe -msoft-float -fno-common -fno-builtin -Wall   -DEMBED -Dlinux -D__linux__ -Dunix -D__uClinux__  conftest.c >&5
conftest.c: In function 'main':
conftest.c:57:10: error: 'TCP_NOPUSH' undeclared (first use in this function)
conftest.c:57:10: note: each undeclared identifier is reported only once for each function it appears in
configure:13496: $? = 1
configure: failed program was:
| /* confdefs.h */
| #define PACKAGE_NAME "libmicrohttpd"
| #define PACKAGE_TARNAME "libmicrohttpd"
| #define PACKAGE_VERSION "0.9.15"
| #define PACKAGE_STRING "libmicrohttpd 0.9.15"
| #define PACKAGE_BUGREPORT "libmicrohttpd@gnu.org"
| #define PACKAGE_URL ""
| #define PACKAGE "libmicrohttpd"
| #define VERSION "0.9.15"
| #define STDC_HEADERS 1
| #define HAVE_SYS_TYPES_H 1
| #define HAVE_SYS_STAT_H 1
| #define HAVE_STDLIB_H 1
| #define HAVE_STRING_H 1
| #define HAVE_MEMORY_H 1
| #define HAVE_STRINGS_H 1
| #define HAVE_INTTYPES_H 1
| #define HAVE_STDINT_H 1
| #define HAVE_UNISTD_H 1
| #define HAVE_DLFCN_H 1
| #define LT_OBJDIR ".libs/"
| #define OTHEROS 1
| #define HAVE_FCNTL_H 1
| #define HAVE_MATH_H 1
| #define HAVE_ERRNO_H 1
| #define HAVE_LIMITS_H 1
| #define HAVE_STDIO_H 1
| #define HAVE_LOCALE_H 1
| #define HAVE_SYS_STAT_H 1
| #define HAVE_SYS_TYPES_H 1
| #define HAVE_PTHREAD_H 1
| #define HAVE_SYS_TYPES_H 1
| #define HAVE_SYS_TIME_H 1
| #define HAVE_SYS_MSG_H 1
| #define HAVE_NETDB_H 1
| #define HAVE_NETINET_IN_H 1
| #define HAVE_NETINET_TCP_H 1
| #define HAVE_TIME_H 1
| #define HAVE_SYS_SOCKET_H 1
| #define HAVE_SYS_MMAN_H 1
| #define HAVE_ARPA_INET_H 1
| #define HAVE_SYS_SELECT_H 1
| #define HAVE_POLL_H 1
| #define HAVE_MEMMEM 1
| #define HAVE_INET6 1
| #define HAVE_DECL_TCP_CORK 1
| /* end confdefs.h.  */
| #include <netinet/tcp.h>
| 
| int
| main ()
| {
| #ifndef TCP_NOPUSH
| #ifdef __cplusplus
|   (void) TCP_NOPUSH;
| #else
|   (void) TCP_NOPUSH;
| #endif
| #endif
| 
|   ;
|   return 0;
| }
configure:13496: result: no
configure:13512: checking whether to use libcurl for testing
configure:13521: result: yes
configure:13561: checking for gawk
configure:13588: result: gawk
configure:13650: checking for curl-config
configure:13668: found /usr/bin/curl-config
configure:13680: result: /usr/bin/curl-config
configure:13691: checking for the version of libcurl
configure:13698: result: 7.45.0
configure:13759: checking whether libcurl is usable
configure:13792: ucfront-gcc arm-uclinuxeabi-gcc  -o conftest -fno-strict-aliasing -O2 -g -fomit-frame-pointer -pipe -msoft-float -fno-common -fno-builtin -Wall   -DEMBED -Dlinux -D__linux__ -Dunix -D__uClinux__   -Wl,-elf2flt -msoft-float -Wl,--allow-multiple-definition conftest.c -lcurl -lssl -lcrypto -lssl -lcrypto -lz -lpthread  >&5
conftest.c:49:23: fatal error: curl/curl.h: No such file or directory
compilation terminated.
configure:13792: $? = 1
configure: failed program was:
| /* confdefs.h */
| #define PACKAGE_NAME "libmicrohttpd"
| #define PACKAGE_TARNAME "libmicrohttpd"
| #define PACKAGE_VERSION "0.9.15"
| #define PACKAGE_STRING "libmicrohttpd 0.9.15"
| #define PACKAGE_BUGREPORT "libmicrohttpd@gnu.org"
| #define PACKAGE_URL ""
| #define PACKAGE "libmicrohttpd"
| #define VERSION "0.9.15"
| #define STDC_HEADERS 1
| #define HAVE_SYS_TYPES_H 1
| #define HAVE_SYS_STAT_H 1
| #define HAVE_STDLIB_H 1
| #define HAVE_STRING_H 1
| #define HAVE_MEMORY_H 1
| #define HAVE_STRINGS_H 1
| #define HAVE_INTTYPES_H 1
| #define HAVE_STDINT_H 1
| #define HAVE_UNISTD_H 1
| #define HAVE_DLFCN_H 1
| #define LT_OBJDIR ".libs/"
| #define OTHEROS 1
| #define HAVE_FCNTL_H 1
| #define HAVE_MATH_H 1
| #define HAVE_ERRNO_H 1
| #define HAVE_LIMITS_H 1
| #define HAVE_STDIO_H 1
| #define HAVE_LOCALE_H 1
| #define HAVE_SYS_STAT_H 1
| #define HAVE_SYS_TYPES_H 1
| #define HAVE_PTHREAD_H 1
| #define HAVE_SYS_TYPES_H 1
| #define HAVE_SYS_TIME_H 1
| #define HAVE_SYS_MSG_H 1
| #define HAVE_NETDB_H 1
| #define HAVE_NETINET_IN_H 1
| #define HAVE_NETINET_TCP_H 1
| #define HAVE_TIME_H 1
| #define HAVE_SYS_SOCKET_H 1
| #define HAVE_SYS_MMAN_H 1
| #define HAVE_ARPA_INET_H 1
| #define HAVE_SYS_SELECT_H 1
| #define HAVE_POLL_H 1
| #define HAVE_MEMMEM 1
| #define HAVE_INET6 1
| #define HAVE_DECL_TCP_CORK 1
| #define HAVE_DECL_TCP_NOPUSH 0
| /* end confdefs.h.  */
| #include <curl/curl.h>
| int
| main ()
| {
| 
| /* Try and use a few common options to force a failure if we are
|    missing symbols or can't link. */
| int x;
| curl_easy_setopt(NULL,CURLOPT_URL,NULL);
| x=CURL_ERROR_SIZE;
| x=CURLOPT_WRITEFUNCTION;
| x=CURLOPT_FILE;
| x=CURLOPT_ERRORBUFFER;
| x=CURLOPT_STDERR;
| x=CURLOPT_VERBOSE;
| 
|   ;
|   return 0;
| }
configure:13806: result: no
configure:13943: checking for special C compiler options needed for large files
configure:13988: result: no
configure:13994: checking for _FILE_OFFSET_BITS value needed for large files
configure:14019: ucfront-gcc arm-uclinuxeabi-gcc  -c -fno-strict-aliasing -O2 -g -fomit-frame-pointer -pipe -msoft-float -fno-common -fno-builtin -Wall   -DEMBED -Dlinux -D__linux__ -Dunix -D__uClinux__  conftest.c >&5
conftest.c:59:3: warning: left shift count >= width of type
conftest.c:59:3: warning: left shift count >= width of type
conftest.c:60:10: warning: left shift count >= width of type
conftest.c:60:10: warning: left shift count >= width of type
conftest.c:59:7: error: size of array 'off_t_is_large' is negative
conftest.c:61:9: warning: variably modified 'off_t_is_large' at file scope
configure:14019: $? = 1
configure: failed program was:
| /* confdefs.h */
| #define PACKAGE_NAME "libmicrohttpd"
| #define PACKAGE_TARNAME "libmicrohttpd"
| #define PACKAGE_VERSION "0.9.15"
| #define PACKAGE_STRING "libmicrohttpd 0.9.15"
| #define PACKAGE_BUGREPORT "libmicrohttpd@gnu.org"
| #define PACKAGE_URL ""
| #define PACKAGE "libmicrohttpd"
| #define VERSION "0.9.15"
| #define STDC_HEADERS 1
| #define HAVE_SYS_TYPES_H 1
| #define HAVE_SYS_STAT_H 1
| #define HAVE_STDLIB_H 1
| #define HAVE_STRING_H 1
| #define HAVE_MEMORY_H 1
| #define HAVE_STRINGS_H 1
| #define HAVE_INTTYPES_H 1
| #define HAVE_STDINT_H 1
| #define HAVE_UNISTD_H 1
| #define HAVE_DLFCN_H 1
| #define LT_OBJDIR ".libs/"
| #define OTHEROS 1
| #define HAVE_FCNTL_H 1
| #define HAVE_MATH_H 1
| #define HAVE_ERRNO_H 1
| #define HAVE_LIMITS_H 1
| #define HAVE_STDIO_H 1
| #define HAVE_LOCALE_H 1
| #define HAVE_SYS_STAT_H 1
| #define HAVE_SYS_TYPES_H 1
| #define HAVE_PTHREAD_H 1
| #define HAVE_SYS_TYPES_H 1
| #define HAVE_SYS_TIME_H 1
| #define HAVE_SYS_MSG_H 1
| #define HAVE_NETDB_H 1
| #define HAVE_NETINET_IN_H 1
| #define HAVE_NETINET_TCP_H 1
| #define HAVE_TIME_H 1
| #define HAVE_SYS_SOCKET_H 1
| #define HAVE_SYS_MMAN_H 1
| #define HAVE_ARPA_INET_H 1
| #define HAVE_SYS_SELECT_H 1
| #define HAVE_POLL_H 1
| #define HAVE_MEMMEM 1
| #define HAVE_INET6 1
| #define HAVE_DECL_TCP_CORK 1
| #define HAVE_DECL_TCP_NOPUSH 0
| #define MHD_REQ_CURL_VERSION "7.16.4"
| #define MHD_REQ_CURL_OPENSSL_VERSION "0.9.8"
| #define MHD_REQ_CURL_GNUTLS_VERSION "2.8.6"
| #define MHD_REQ_CURL_NSS_VERSION "3.12.0"
| /* end confdefs.h.  */
| #include <sys/types.h>
|  /* Check that off_t can represent 2**63 - 1 correctly.
|     We can't simply define LARGE_OFF_T to be 9223372036854775807,
|     since some C++ compilers masquerading as C compilers
|     incorrectly reject 9223372036854775807.  */
| #define LARGE_OFF_T (((off_t) 1 << 62) - 1 + ((off_t) 1 << 62))
|   int off_t_is_large[(LARGE_OFF_T % 2147483629 == 721
| 		       && LARGE_OFF_T % 2147483647 == 1)
| 		      ? 1 : -1];
| int
| main ()
| {
| 
|   ;
|   return 0;
| }
configure:14043: ucfront-gcc arm-uclinuxeabi-gcc  -c -fno-strict-aliasing -O2 -g -fomit-frame-pointer -pipe -msoft-float -fno-common -fno-builtin -Wall   -DEMBED -Dlinux -D__linux__ -Dunix -D__uClinux__  conftest.c >&5
configure:14043: $? = 0
configure:14051: result: 64
configure:14136: checking for _LARGEFILE_SOURCE value needed for large files
configure:14155: ucfront-gcc arm-uclinuxeabi-gcc  -o conftest -fno-strict-aliasing -O2 -g -fomit-frame-pointer -pipe -msoft-float -fno-common -fno-builtin -Wall   -DEMBED -Dlinux -D__linux__ -Dunix -D__uClinux__  -Wl,-elf2flt -msoft-float -Wl,--allow-multiple-definition conftest.c -lpthread  >&5
conftest.c: In function 'main':
conftest.c:59:34: error: 'fseeko' undeclared (first use in this function)
conftest.c:59:34: note: each undeclared identifier is reported only once for each function it appears in
conftest.c:60:6: warning: implicit declaration of function 'fseeko'
configure:14155: $? = 1
configure: failed program was:
| /* confdefs.h */
| #define PACKAGE_NAME "libmicrohttpd"
| #define PACKAGE_TARNAME "libmicrohttpd"
| #define PACKAGE_VERSION "0.9.15"
| #define PACKAGE_STRING "libmicrohttpd 0.9.15"
| #define PACKAGE_BUGREPORT "libmicrohttpd@gnu.org"
| #define PACKAGE_URL ""
| #define PACKAGE "libmicrohttpd"
| #define VERSION "0.9.15"
| #define STDC_HEADERS 1
| #define HAVE_SYS_TYPES_H 1
| #define HAVE_SYS_STAT_H 1
| #define HAVE_STDLIB_H 1
| #define HAVE_STRING_H 1
| #define HAVE_MEMORY_H 1
| #define HAVE_STRINGS_H 1
| #define HAVE_INTTYPES_H 1
| #define HAVE_STDINT_H 1
| #define HAVE_UNISTD_H 1
| #define HAVE_DLFCN_H 1
| #define LT_OBJDIR ".libs/"
| #define OTHEROS 1
| #define HAVE_FCNTL_H 1
| #define HAVE_MATH_H 1
| #define HAVE_ERRNO_H 1
| #define HAVE_LIMITS_H 1
| #define HAVE_STDIO_H 1
| #define HAVE_LOCALE_H 1
| #define HAVE_SYS_STAT_H 1
| #define HAVE_SYS_TYPES_H 1
| #define HAVE_PTHREAD_H 1
| #define HAVE_SYS_TYPES_H 1
| #define HAVE_SYS_TIME_H 1
| #define HAVE_SYS_MSG_H 1
| #define HAVE_NETDB_H 1
| #define HAVE_NETINET_IN_H 1
| #define HAVE_NETINET_TCP_H 1
| #define HAVE_TIME_H 1
| #define HAVE_SYS_SOCKET_H 1
| #define HAVE_SYS_MMAN_H 1
| #define HAVE_ARPA_INET_H 1
| #define HAVE_SYS_SELECT_H 1
| #define HAVE_POLL_H 1
| #define HAVE_MEMMEM 1
| #define HAVE_INET6 1
| #define HAVE_DECL_TCP_CORK 1
| #define HAVE_DECL_TCP_NOPUSH 0
| #define MHD_REQ_CURL_VERSION "7.16.4"
| #define MHD_REQ_CURL_OPENSSL_VERSION "0.9.8"
| #define MHD_REQ_CURL_GNUTLS_VERSION "2.8.6"
| #define MHD_REQ_CURL_NSS_VERSION "3.12.0"
| #define _FILE_OFFSET_BITS 64
| /* end confdefs.h.  */
| #include <sys/types.h> /* for off_t */
|      #include <stdio.h>
| int
| main ()
| {
| int (*fp) (FILE *, off_t, int) = fseeko;
|      return fseeko (stdin, 0, 0) && fp (stdin, 0, 0);
|   ;
|   return 0;
| }
configure:14174: ucfront-gcc arm-uclinuxeabi-gcc  -o conftest -fno-strict-aliasing -O2 -g -fomit-frame-pointer -pipe -msoft-float -fno-common -fno-builtin -Wall   -DEMBED -Dlinux -D__linux__ -Dunix -D__uClinux__  -Wl,-elf2flt -msoft-float -Wl,--allow-multiple-definition conftest.c -lpthread  >&5
configure:14174: $? = 0
configure:14183: result: 1
configure:14206: checking whether to generate error messages
configure:14215: result: yes
configure:14230: checking whether to enable postprocessor
configure:14239: result: 
configure:14254: checking for zzuf
configure:14282: result: 0
configure:14292: checking for socat
configure:14320: result: 0
configure:14363: checking for libgcrypt-config
configure:14381: found /usr/bin/libgcrypt-config
configure:14394: result: /usr/bin/libgcrypt-config
configure:14411: checking for LIBGCRYPT - version >= 1.2.2
configure:14445: result: yes (1.6.3)
configure:14494: checking for gnutls
configure:14616: result: --with-gnutls not specified
configure:14620: checking gnutls/gnutls.h usability
configure:14620: ucfront-gcc arm-uclinuxeabi-gcc  -c -fno-strict-aliasing -O2 -g -fomit-frame-pointer -pipe -msoft-float -fno-common -fno-builtin -Wall   -DEMBED -Dlinux -D__linux__ -Dunix -D__uClinux__  conftest.c >&5
conftest.c:91:27: fatal error: gnutls/gnutls.h: No such file or directory
compilation terminated.
configure:14620: $? = 1
configure: failed program was:
| /* confdefs.h */
| #define PACKAGE_NAME "libmicrohttpd"
| #define PACKAGE_TARNAME "libmicrohttpd"
| #define PACKAGE_VERSION "0.9.15"
| #define PACKAGE_STRING "libmicrohttpd 0.9.15"
| #define PACKAGE_BUGREPORT "libmicrohttpd@gnu.org"
| #define PACKAGE_URL ""
| #define PACKAGE "libmicrohttpd"
| #define VERSION "0.9.15"
| #define STDC_HEADERS 1
| #define HAVE_SYS_TYPES_H 1
| #define HAVE_SYS_STAT_H 1
| #define HAVE_STDLIB_H 1
| #define HAVE_STRING_H 1
| #define HAVE_MEMORY_H 1
| #define HAVE_STRINGS_H 1
| #define HAVE_INTTYPES_H 1
| #define HAVE_STDINT_H 1
| #define HAVE_UNISTD_H 1
| #define HAVE_DLFCN_H 1
| #define LT_OBJDIR ".libs/"
| #define OTHEROS 1
| #define HAVE_FCNTL_H 1
| #define HAVE_MATH_H 1
| #define HAVE_ERRNO_H 1
| #define HAVE_LIMITS_H 1
| #define HAVE_STDIO_H 1
| #define HAVE_LOCALE_H 1
| #define HAVE_SYS_STAT_H 1
| #define HAVE_SYS_TYPES_H 1
| #define HAVE_PTHREAD_H 1
| #define HAVE_SYS_TYPES_H 1
| #define HAVE_SYS_TIME_H 1
| #define HAVE_SYS_MSG_H 1
| #define HAVE_NETDB_H 1
| #define HAVE_NETINET_IN_H 1
| #define HAVE_NETINET_TCP_H 1
| #define HAVE_TIME_H 1
| #define HAVE_SYS_SOCKET_H 1
| #define HAVE_SYS_MMAN_H 1
| #define HAVE_ARPA_INET_H 1
| #define HAVE_SYS_SELECT_H 1
| #define HAVE_POLL_H 1
| #define HAVE_MEMMEM 1
| #define HAVE_INET6 1
| #define HAVE_DECL_TCP_CORK 1
| #define HAVE_DECL_TCP_NOPUSH 0
| #define MHD_REQ_CURL_VERSION "7.16.4"
| #define MHD_REQ_CURL_OPENSSL_VERSION "0.9.8"
| #define MHD_REQ_CURL_GNUTLS_VERSION "2.8.6"
| #define MHD_REQ_CURL_NSS_VERSION "3.12.0"
| #define _FILE_OFFSET_BITS 64
| #define _LARGEFILE_SOURCE 1
| #define HAVE_FSEEKO 1
| #define HAVE_MESSAGES 1
| #define MHD_GCRYPT_VERSION "1:1.2.2"
| /* end confdefs.h.  */
| #include <stdio.h>
| #ifdef HAVE_SYS_TYPES_H
| # include <sys/types.h>
| #endif
| #ifdef HAVE_SYS_STAT_H
| # include <sys/stat.h>
| #endif
| #ifdef STDC_HEADERS
| # include <stdlib.h>
| # include <stddef.h>
| #else
| # ifdef HAVE_STDLIB_H
| #  include <stdlib.h>
| # endif
| #endif
| #ifdef HAVE_STRING_H
| # if !defined STDC_HEADERS && defined HAVE_MEMORY_H
| #  include <memory.h>
| # endif
| # include <string.h>
| #endif
| #ifdef HAVE_STRINGS_H
| # include <strings.h>
| #endif
| #ifdef HAVE_INTTYPES_H
| # include <inttypes.h>
| #endif
| #ifdef HAVE_STDINT_H
| # include <stdint.h>
| #endif
| #ifdef HAVE_UNISTD_H
| # include <unistd.h>
| #endif
| #include <gnutls/gnutls.h>
configure:14620: result: no
configure:14620: checking gnutls/gnutls.h presence
configure:14620: ucfront-gcc arm-uclinuxeabi-gcc  -E  conftest.c
conftest.c:58:27: fatal error: gnutls/gnutls.h: No such file or directory
compilation terminated.
configure:14620: $? = 1
configure: failed program was:
| /* confdefs.h */
| #define PACKAGE_NAME "libmicrohttpd"
| #define PACKAGE_TARNAME "libmicrohttpd"
| #define PACKAGE_VERSION "0.9.15"
| #define PACKAGE_STRING "libmicrohttpd 0.9.15"
| #define PACKAGE_BUGREPORT "libmicrohttpd@gnu.org"
| #define PACKAGE_URL ""
| #define PACKAGE "libmicrohttpd"
| #define VERSION "0.9.15"
| #define STDC_HEADERS 1
| #define HAVE_SYS_TYPES_H 1
| #define HAVE_SYS_STAT_H 1
| #define HAVE_STDLIB_H 1
| #define HAVE_STRING_H 1
| #define HAVE_MEMORY_H 1
| #define HAVE_STRINGS_H 1
| #define HAVE_INTTYPES_H 1
| #define HAVE_STDINT_H 1
| #define HAVE_UNISTD_H 1
| #define HAVE_DLFCN_H 1
| #define LT_OBJDIR ".libs/"
| #define OTHEROS 1
| #define HAVE_FCNTL_H 1
| #define HAVE_MATH_H 1
| #define HAVE_ERRNO_H 1
| #define HAVE_LIMITS_H 1
| #define HAVE_STDIO_H 1
| #define HAVE_LOCALE_H 1
| #define HAVE_SYS_STAT_H 1
| #define HAVE_SYS_TYPES_H 1
| #define HAVE_PTHREAD_H 1
| #define HAVE_SYS_TYPES_H 1
| #define HAVE_SYS_TIME_H 1
| #define HAVE_SYS_MSG_H 1
| #define HAVE_NETDB_H 1
| #define HAVE_NETINET_IN_H 1
| #define HAVE_NETINET_TCP_H 1
| #define HAVE_TIME_H 1
| #define HAVE_SYS_SOCKET_H 1
| #define HAVE_SYS_MMAN_H 1
| #define HAVE_ARPA_INET_H 1
| #define HAVE_SYS_SELECT_H 1
| #define HAVE_POLL_H 1
| #define HAVE_MEMMEM 1
| #define HAVE_INET6 1
| #define HAVE_DECL_TCP_CORK 1
| #define HAVE_DECL_TCP_NOPUSH 0
| #define MHD_REQ_CURL_VERSION "7.16.4"
| #define MHD_REQ_CURL_OPENSSL_VERSION "0.9.8"
| #define MHD_REQ_CURL_GNUTLS_VERSION "2.8.6"
| #define MHD_REQ_CURL_NSS_VERSION "3.12.0"
| #define _FILE_OFFSET_BITS 64
| #define _LARGEFILE_SOURCE 1
| #define HAVE_FSEEKO 1
| #define HAVE_MESSAGES 1
| #define MHD_GCRYPT_VERSION "1:1.2.2"
| /* end confdefs.h.  */
| #include <gnutls/gnutls.h>
configure:14620: result: no
configure:14620: checking for gnutls/gnutls.h
configure:14620: result: no
configure:14688: checking whether to support HTTPS
configure:14717: result: no (lacking libgcrypt or libgnutls)
configure:14730: checking whether to support HTTP basic and digest authentication
configure:14750: result: no
configure:14765: checking whether -export-symbols-regex works
configure:14777: result: yes
configure:14782: checking whether to compile with support for code coverage analysis
configure:14791: result: no
configure:14924: checking that generated files are newer than configure
configure:14930: result: done
configure:15082: creating ./config.status

## ---------------------- ##
## Running config.status. ##
## ---------------------- ##

This file was extended by libmicrohttpd config.status 0.9.15, which was
generated by GNU Autoconf 2.69.  Invocation command line was

  CONFIG_FILES    = 
  CONFIG_HEADERS  = 
  CONFIG_LINKS    = 
  CONFIG_COMMANDS = 
  $ ./config.status 

on kaffeemuehle

config.status:1187: creating libmicrohttpd.pc
config.status:1187: creating Makefile
config.status:1187: creating contrib/Makefile
config.status:1187: creating doc/Makefile
config.status:1187: creating m4/Makefile
config.status:1187: creating src/Makefile
config.status:1187: creating src/include/Makefile
config.status:1187: creating src/include/plibc/Makefile
config.status:1187: creating src/daemon/Makefile
config.status:1187: creating src/examples/Makefile
config.status:1187: creating src/testcurl/Makefile
config.status:1187: creating src/testcurl/https/Makefile
config.status:1187: creating src/testzzuf/Makefile
config.status:1187: creating MHD_config.h
config.status:1416: executing depfiles commands
config.status:1416: executing libtool commands
configure:17299: Configuration Summary:
  Operating System:  uclinuxeabi
  libgcrypt:         yes
  libcurl (testing): no, many unit tests will not run
  Target directory:  /usr/local
  Messages:          yes
  HTTP Authentic.:   no
  Postproc:          no
  HTTPS support:     no (lacking libgcrypt or libgnutls)

configure:17322:
  License         :  LGPL or eCos


## ---------------- ##
## Cache variables. ##
## ---------------- ##

ac_cv_build=i686-pc-linux-gnu
ac_cv_c_bigendian=no
ac_cv_c_compiler_gnu=yes
ac_cv_env_CC_set=set
ac_cv_env_CC_value='ucfront-gcc arm-uclinuxeabi-gcc '
ac_cv_env_CFLAGS_set=set
ac_cv_env_CFLAGS_value='-O2 -g -fomit-frame-pointer -pipe -msoft-float -fno-common -fno-builtin -Wall   -DEMBED -Dlinux -D__linux__ -Dunix -D__uClinux__'
ac_cv_env_CPPFLAGS_set=
ac_cv_env_CPPFLAGS_value=
ac_cv_env_CPP_set=
ac_cv_env_CPP_value=
ac_cv_env_LDFLAGS_set=set
ac_cv_env_LDFLAGS_value='-Wl,-elf2flt -msoft-float -Wl,--allow-multiple-definition'
ac_cv_env_LIBS_set=
ac_cv_env_LIBS_value=
ac_cv_env_LT_SYS_LIBRARY_PATH_set=
ac_cv_env_LT_SYS_LIBRARY_PATH_value=
ac_cv_env_build_alias_set=set
ac_cv_env_build_alias_value=i686-pc-linux-gnu
ac_cv_env_host_alias_set=set
ac_cv_env_host_alias_value=arm-uclinuxeabi
ac_cv_env_target_alias_set=set
ac_cv_env_target_alias_value=arm-uclinuxeabi
ac_cv_func_memmem=yes
ac_cv_have_decl_TCP_CORK=yes
ac_cv_have_decl_TCP_NOPUSH=no
ac_cv_header_arpa_inet_h=yes
ac_cv_header_dlfcn_h=yes
ac_cv_header_errno_h=yes
ac_cv_header_fcntl_h=yes
ac_cv_header_gnutls_gnutls_h=no
ac_cv_header_inttypes_h=yes
ac_cv_header_limits_h=yes
ac_cv_header_locale_h=yes
ac_cv_header_math_h=yes
ac_cv_header_memory_h=yes
ac_cv_header_netdb_h=yes
ac_cv_header_netinet_in_h=yes
ac_cv_header_netinet_tcp_h=yes
ac_cv_header_plibc_h=no
ac_cv_header_poll_h=yes
ac_cv_header_pthread_h=yes
ac_cv_header_stdc=yes
ac_cv_header_stdint_h=yes
ac_cv_header_stdio_h=yes
ac_cv_header_stdlib_h=yes
ac_cv_header_string_h=yes
ac_cv_header_strings_h=yes
ac_cv_header_sys_mman_h=yes
ac_cv_header_sys_msg_h=yes
ac_cv_header_sys_select_h=yes
ac_cv_header_sys_socket_h=yes
ac_cv_header_sys_stat_h=yes
ac_cv_header_sys_time_h=yes
ac_cv_header_sys_types_h=yes
ac_cv_header_time_h=yes
ac_cv_header_unistd_h=yes
ac_cv_header_winsock2_h=no
ac_cv_header_ws2tcpip_h=no
ac_cv_host=arm-unknown-uclinuxeabi
ac_cv_lib_pthread_pthread_create=yes
ac_cv_objext=o
ac_cv_path_EGREP='/bin/grep -E'
ac_cv_path_FGREP='/bin/grep -F'
ac_cv_path_GREP=/bin/grep
ac_cv_path_LIBGCRYPT_CONFIG=/usr/bin/libgcrypt-config
ac_cv_path_SED=/bin/sed
ac_cv_path__libcurl_config=/usr/bin/curl-config
ac_cv_path_install='/usr/bin/install -c'
ac_cv_path_lt_DD=/bin/dd
ac_cv_path_mkdir=/bin/mkdir
ac_cv_prog_AR=arm-uclinuxeabi-ar
ac_cv_prog_AWK=gawk
ac_cv_prog_CC='ucfront-gcc arm-uclinuxeabi-gcc '
ac_cv_prog_CPP='ucfront-gcc arm-uclinuxeabi-gcc  -E'
ac_cv_prog_DLLTOOL=dlltool
ac_cv_prog_HAVE_CURL_BINARY=true
ac_cv_prog_HAVE_SOCAT=0
ac_cv_prog_HAVE_ZZUF=0
ac_cv_prog_OBJDUMP=objdump
ac_cv_prog_RANLIB=arm-uclinuxeabi-ranlib
ac_cv_prog_STRIP=arm-uclinuxeabi-strip
ac_cv_prog_cc_c89=
ac_cv_prog_cc_g=yes
ac_cv_prog_make_make_set=yes
ac_cv_sys_file_offset_bits=64
ac_cv_sys_largefile_CC=no
ac_cv_sys_largefile_source=1
am_cv_CC_dependencies_compiler_type=gcc3
am_cv_make_support_nested_variables=yes
am_cv_prog_cc_c_o=yes
gn_cv_export_symbols_regex_works=yes
libcurl_cv_lib_curl_usable=no
libcurl_cv_lib_curl_version=7.45.0
lt_cv_ar_at_file=@
lt_cv_deplibs_check_method=unknown
lt_cv_file_magic_cmd='$MAGIC_CMD'
lt_cv_file_magic_test_file=
lt_cv_ld_reload_flag=-r
lt_cv_nm_interface='BSD nm'
lt_cv_objdir=.libs
lt_cv_path_LD='ucfront-ld arm-uclinuxeabi-ld '
lt_cv_path_NM='/opt/sgpp-lite-arm-uclinux-bin-2010.09.58/bin/arm-uclinuxeabi-nm -B'
lt_cv_path_mainfest_tool=no
lt_cv_prog_compiler_c_o=yes
lt_cv_prog_compiler_pic='-fPIC -DPIC'
lt_cv_prog_compiler_pic_works=yes
lt_cv_prog_compiler_rtti_exceptions=no
lt_cv_prog_compiler_static_works=yes
lt_cv_prog_gnu_ld=yes
lt_cv_sharedlib_from_linklib_cmd='printf %s\n'
lt_cv_sys_global_symbol_pipe='sed -n -e '\''s/^.*[	 ]\([ABCDGIRSTW][ABCDGIRSTW]*\)[	 ][	 ]*\([_A-Za-z][_A-Za-z0-9]*\)$/\1 \2 \2/p'\'' | sed '\''/ __gnu_lto/d'\'''
lt_cv_sys_global_symbol_to_c_name_address='sed -n -e '\''s/^: \(.*\) .*$/  {"\1", (void *) 0},/p'\'' -e '\''s/^[ABCDGIRSTW][ABCDGIRSTW]* .* \(.*\)$/  {"\1", (void *) \&\1},/p'\'''
lt_cv_sys_global_symbol_to_c_name_address_lib_prefix='sed -n -e '\''s/^: \(.*\) .*$/  {"\1", (void *) 0},/p'\'' -e '\''s/^[ABCDGIRSTW][ABCDGIRSTW]* .* \(lib.*\)$/  {"\1", (void *) \&\1},/p'\'' -e '\''s/^[ABCDGIRSTW][ABCDGIRSTW]* .* \(.*\)$/  {"lib\1", (void *) \&\1},/p'\'''
lt_cv_sys_global_symbol_to_cdecl='sed -n -e '\''s/^T .* \(.*\)$/extern int \1();/p'\'' -e '\''s/^[ABCDGIRSTW][ABCDGIRSTW]* .* \(.*\)$/extern char \1;/p'\'''
lt_cv_sys_global_symbol_to_import=
lt_cv_sys_max_cmd_len=1572864
lt_cv_to_host_file_cmd=func_convert_file_noop
lt_cv_to_tool_file_cmd=func_convert_file_noop
lt_cv_truncate_bin='/bin/dd bs=4096 count=1'

## ----------------- ##
## Output variables. ##
## ----------------- ##

ACLOCAL='${SHELL} /home/coffeeholic/reverse_engineering/pollin_ip_cam/rhuitl-uclinux/lib/libmicrohttpd/missing aclocal-1.15'
AMDEPBACKSLASH='\'
AMDEP_FALSE='#'
AMDEP_TRUE=''
AMTAR='$${TAR-tar}'
AM_BACKSLASH='\'
AM_DEFAULT_V='$(AM_DEFAULT_VERBOSITY)'
AM_DEFAULT_VERBOSITY='1'
AM_V='$(V)'
AR='arm-uclinuxeabi-ar'
AS='arm-uclinuxeabi-as '
AUTOCONF='${SHELL} /home/coffeeholic/reverse_engineering/pollin_ip_cam/rhuitl-uclinux/lib/libmicrohttpd/missing autoconf'
AUTOHEADER='${SHELL} /home/coffeeholic/reverse_engineering/pollin_ip_cam/rhuitl-uclinux/lib/libmicrohttpd/missing autoheader'
AUTOMAKE='${SHELL} /home/coffeeholic/reverse_engineering/pollin_ip_cam/rhuitl-uclinux/lib/libmicrohttpd/missing automake-1.15'
AWK='gawk'
CC='ucfront-gcc arm-uclinuxeabi-gcc '
CCDEPMODE='depmode=gcc3'
CFLAGS='-fno-strict-aliasing -O2 -g -fomit-frame-pointer -pipe -msoft-float -fno-common -fno-builtin -Wall   -DEMBED -Dlinux -D__linux__ -Dunix -D__uClinux__'
CPP='ucfront-gcc arm-uclinuxeabi-gcc  -E'
CPPFLAGS=''
CYGPATH_W='echo'
DEFS='-DHAVE_CONFIG_H'
DEPDIR='.deps'
DLLTOOL='dlltool'
DSYMUTIL=''
DUMPBIN=''
ECHO_C=''
ECHO_N='-n'
ECHO_T=''
EGREP='/bin/grep -E'
ENABLE_DAUTH_FALSE=''
ENABLE_DAUTH_TRUE='#'
ENABLE_HTTPS_FALSE=''
ENABLE_HTTPS_TRUE='#'
ENABLE_MINITASN1_FALSE='#'
ENABLE_MINITASN1_TRUE=''
ENABLE_OPENSSL_FALSE=''
ENABLE_OPENSSL_TRUE='#'
EXEEXT=''
EXT_LIBS=''
EXT_LIB_PATH=''
FGREP='/bin/grep -F'
GREP='/bin/grep'
HAVE_CURL_BINARY='true'
HAVE_CURL_BINARY_FALSE='#'
HAVE_CURL_BINARY_TRUE=''
HAVE_CURL_FALSE=''
HAVE_CURL_TRUE='#'
HAVE_GNUTLS_FALSE=''
HAVE_GNUTLS_TRUE='#'
HAVE_GNU_LD_FALSE=''
HAVE_GNU_LD_TRUE='#'
HAVE_LD_OUTPUT_DEF_FALSE=''
HAVE_LD_OUTPUT_DEF_TRUE='#'
HAVE_LD_VERSION_SCRIPT_FALSE=''
HAVE_LD_VERSION_SCRIPT_TRUE='#'
HAVE_POSTPROCESSOR_FALSE=''
HAVE_POSTPROCESSOR_TRUE='#'
HAVE_SOCAT='0'
HAVE_SOCAT_FALSE=''
HAVE_SOCAT_TRUE='#'
HAVE_W32_FALSE=''
HAVE_W32_TRUE='#'
HAVE_ZZUF='0'
HAVE_ZZUF_FALSE=''
HAVE_ZZUF_TRUE='#'
INSTALL_DATA='${INSTALL} -m 644'
INSTALL_PROGRAM='${INSTALL}'
INSTALL_SCRIPT='${INSTALL}'
INSTALL_STRIP_PROGRAM='$(install_sh) -c -s'
LD='ucfront-ld arm-uclinuxeabi-ld '
LDFLAGS='-Wl,-elf2flt -msoft-float -Wl,--allow-multiple-definition'
LIBCURL=''
LIBCURL_CPPFLAGS=''
LIBGCRYPT_CFLAGS=''
LIBGCRYPT_CONFIG='/usr/bin/libgcrypt-config'
LIBGCRYPT_LIBS='-lgcrypt -lgpg-error'
LIBOBJS=''
LIBS='-lpthread '
LIBTOOL='$(SHELL) $(top_builddir)/libtool'
LIB_VERSION_AGE='13'
LIB_VERSION_CURRENT='23'
LIB_VERSION_REVISION='0'
LIPO=''
LN_S='ln -s'
LTLIBOBJS=''
LT_SYS_LIBRARY_PATH=''
MAKEINFO='${SHELL} /home/coffeeholic/reverse_engineering/pollin_ip_cam/rhuitl-uclinux/lib/libmicrohttpd/missing makeinfo'
MANIFEST_TOOL=':'
MHD_LIBDEPS=''
MHD_LIB_LDFLAGS='-export-dynamic -no-undefined'
MKDIR_P='/bin/mkdir -p'
NM='/opt/sgpp-lite-arm-uclinux-bin-2010.09.58/bin/arm-uclinuxeabi-nm -B'
NMEDIT=''
OBJDUMP='objdump'
OBJEXT='o'
OTOOL64=''
OTOOL=''
PACKAGE='libmicrohttpd'
PACKAGE_BUGREPORT='libmicrohttpd@gnu.org'
PACKAGE_NAME='libmicrohttpd'
PACKAGE_STRING='libmicrohttpd 0.9.15'
PACKAGE_TARNAME='libmicrohttpd'
PACKAGE_URL=''
PACKAGE_VERSION='0.9.15'
PATH_SEPARATOR=':'
PLIBC_CPPFLAGS=''
PLIBC_LDFLAGS=''
PLIBC_LIBS=''
PTHREAD_CPPFLAGS=''
PTHREAD_LDFLAGS=''
PTHREAD_LIBS='-lpthread'
RANLIB='arm-uclinuxeabi-ranlib'
SED='/bin/sed'
SET_MAKE=''
SHELL='/bin/sh'
STRIP='arm-uclinuxeabi-strip'
USE_COVERAGE_FALSE=''
USE_COVERAGE_TRUE='#'
USE_PRIVATE_PLIBC_H_FALSE='#'
USE_PRIVATE_PLIBC_H_TRUE=''
VERSION='0.9.15'
_libcurl_config=''
ac_ct_AR=''
ac_ct_CC=''
ac_ct_DUMPBIN=''
am__EXEEXT_FALSE=''
am__EXEEXT_TRUE='#'
am__fastdepCC_FALSE='#'
am__fastdepCC_TRUE=''
am__include='include'
am__isrc=''
am__leading_dot='.'
am__nodep='_no'
am__quote=''
am__tar='$${TAR-tar} chof - "$$tardir"'
am__untar='$${TAR-tar} xf -'
bindir='${exec_prefix}/bin'
build='i686-pc-linux-gnu'
build_alias='i686-pc-linux-gnu'
build_cpu='i686'
build_os='linux-gnu'
build_vendor='pc'
datadir='${datarootdir}'
datarootdir='${prefix}/share'
docdir='${datarootdir}/doc/${PACKAGE_TARNAME}'
dvidir='${docdir}'
exec_prefix='${prefix}'
host='arm-unknown-uclinuxeabi'
host_alias='arm-uclinuxeabi'
host_cpu='arm'
host_os='uclinuxeabi'
host_vendor='unknown'
htmldir='${docdir}'
includedir='${prefix}/include'
infodir='${datarootdir}/info'
install_sh='${SHELL} /home/coffeeholic/reverse_engineering/pollin_ip_cam/rhuitl-uclinux/lib/libmicrohttpd/install-sh'
libdir='${exec_prefix}/lib'
libexecdir='${exec_prefix}/libexec'
localedir='${datarootdir}/locale'
localstatedir='${prefix}/var'
mandir='${datarootdir}/man'
mkdir_p='$(MKDIR_P)'
oldincludedir='/usr/include'
pdfdir='${docdir}'
prefix='/usr/local'
program_transform_name='s,x,x,'
psdir='${docdir}'
sbindir='${exec_prefix}/sbin'
sharedstatedir='${prefix}/com'
sysconfdir='${prefix}/etc'
target_alias='arm-uclinuxeabi'

## ----------- ##
## confdefs.h. ##
## ----------- ##

/* confdefs.h */
#define PACKAGE_NAME "libmicrohttpd"
#define PACKAGE_TARNAME "libmicrohttpd"
#define PACKAGE_VERSION "0.9.15"
#define PACKAGE_STRING "libmicrohttpd 0.9.15"
#define PACKAGE_BUGREPORT "libmicrohttpd@gnu.org"
#define PACKAGE_URL ""
#define PACKAGE "libmicrohttpd"
#define VERSION "0.9.15"
#define STDC_HEADERS 1
#define HAVE_SYS_TYPES_H 1
#define HAVE_SYS_STAT_H 1
#define HAVE_STDLIB_H 1
#define HAVE_STRING_H 1
#define HAVE_MEMORY_H 1
#define HAVE_STRINGS_H 1
#define HAVE_INTTYPES_H 1
#define HAVE_STDINT_H 1
#define HAVE_UNISTD_H 1
#define HAVE_DLFCN_H 1
#define LT_OBJDIR ".libs/"
#define OTHEROS 1
#define HAVE_FCNTL_H 1
#define HAVE_MATH_H 1
#define HAVE_ERRNO_H 1
#define HAVE_LIMITS_H 1
#define HAVE_STDIO_H 1
#define HAVE_LOCALE_H 1
#define HAVE_SYS_STAT_H 1
#define HAVE_SYS_TYPES_H 1
#define HAVE_PTHREAD_H 1
#define HAVE_SYS_TYPES_H 1
#define HAVE_SYS_TIME_H 1
#define HAVE_SYS_MSG_H 1
#define HAVE_NETDB_H 1
#define HAVE_NETINET_IN_H 1
#define HAVE_NETINET_TCP_H 1
#define HAVE_TIME_H 1
#define HAVE_SYS_SOCKET_H 1
#define HAVE_SYS_MMAN_H 1
#define HAVE_ARPA_INET_H 1
#define HAVE_SYS_SELECT_H 1
#define HAVE_POLL_H 1
#define HAVE_MEMMEM 1
#define HAVE_INET6 1
#define HAVE_DECL_TCP_CORK 1
#define HAVE_DECL_TCP_NOPUSH 0
#define MHD_REQ_CURL_VERSION "7.16.4"
#define MHD_REQ_CURL_OPENSSL_VERSION "0.9.8"
#define MHD_REQ_CURL_GNUTLS_VERSION "2.8.6"
#define MHD_REQ_CURL_NSS_VERSION "3.12.0"
#define _FILE_OFFSET_BITS 64
#define _LARGEFILE_SOURCE 1
#define HAVE_FSEEKO 1
#define HAVE_MESSAGES 1
#define MHD_GCRYPT_VERSION "1:1.2.2"
#define HAVE_GNUTLS 0
#define HTTPS_SUPPORT 0
#define DAUTH_SUPPORT 0

configure: exit 0
